Time is Tue May 5 04:21:49 CST 2020
Directory is /ghome/wangshuai
This job runs on following nodes:
Node:G178
Gpus:G178-gpu6
CUDA_VISIBLE_DEVICES:6
Tensor("Placeholder_2:0", shape=(), dtype=bool)
**** EPOCH 000 ****
----0-----
mean loss: 3.881195
accuracy: 0.202206
----1-----
mean loss: 2.819522
accuracy: 0.310547
----2-----
mean loss: 2.309109
accuracy: 0.386719
----3-----
mean loss: 2.037913
accuracy: 0.433594
----4-----
mean loss: 1.810730
accuracy: 0.498047
----0-----
----1-----
eval mean loss: 1.705790
eval accuracy: 0.556006
eval avg class acc: 0.444481
Model saved in file: /ghome/wangshuai/UltraNet/pointnet/log_200504/model.ckpt
**** EPOCH 001 ****
----0-----
mean loss: 1.591042
accuracy: 0.542969
----1-----
mean loss: 2.070320
accuracy: 0.444824
----2-----
mean loss: 1.683158
accuracy: 0.528809
----3-----
mean loss: 1.454126
accuracy: 0.574142
----4-----
mean loss: 1.383894
accuracy: 0.605957
----0-----
----1-----
eval mean loss: 1.275585
eval accuracy: 0.629058
eval avg class acc: 0.553733
**** EPOCH 002 ****
----0-----
mean loss: 1.308975
accuracy: 0.616699
----1-----
mean loss: 1.375616
accuracy: 0.604980
----2-----
mean loss: 1.289826
accuracy: 0.633301
----3-----
mean loss: 1.192065
accuracy: 0.648897
----4-----
mean loss: 1.285492
accuracy: 0.622559
----0-----
----1-----
eval mean loss: 1.127126
eval accuracy: 0.651380
eval avg class acc: 0.574644
**** EPOCH 003 ****
----0-----
mean loss: 1.200409
accuracy: 0.647949
----1-----
mean loss: 1.127576
accuracy: 0.663603
----2-----
mean loss: 1.224030
accuracy: 0.650879
----3-----
mean loss: 1.121849
accuracy: 0.645996
----4-----
mean loss: 1.120480
accuracy: 0.675781
----0-----
----1-----
eval mean loss: 1.017949
eval accuracy: 0.702922
eval avg class acc: 0.618343
**** EPOCH 004 ****
----0-----
mean loss: 1.028572
accuracy: 0.683105
----1-----
mean loss: 1.265159
accuracy: 0.632324
----2-----
mean loss: 1.063482
accuracy: 0.684570
----3-----
mean loss: 1.054102
accuracy: 0.692871
----4-----
mean loss: 0.959483
accuracy: 0.712010
----0-----
----1-----
eval mean loss: 0.954584
eval accuracy: 0.717127
eval avg class acc: 0.645684
**** EPOCH 005 ****
----0-----
mean loss: 0.976400
accuracy: 0.715332
----1-----
mean loss: 0.954699
accuracy: 0.724609
----2-----
mean loss: 0.931029
accuracy: 0.724609
----3-----
mean loss: 0.870199
accuracy: 0.732230
----4-----
mean loss: 0.912134
accuracy: 0.733887
----0-----
----1-----
eval mean loss: 0.823431
eval accuracy: 0.736607
eval avg class acc: 0.655122
**** EPOCH 006 ****
----0-----
mean loss: 0.862332
accuracy: 0.733887
----1-----
mean loss: 0.841391
accuracy: 0.744485
----2-----
mean loss: 0.864848
accuracy: 0.742676
----3-----
mean loss: 0.853669
accuracy: 0.735352
----4-----
mean loss: 0.876858
accuracy: 0.738770
----0-----
----1-----
eval mean loss: 0.845635
eval accuracy: 0.747159
eval avg class acc: 0.682191
**** EPOCH 007 ****
----0-----
mean loss: 0.802155
accuracy: 0.745098
----1-----
mean loss: 0.873654
accuracy: 0.729492
----2-----
mean loss: 0.910713
accuracy: 0.732910
----3-----
mean loss: 0.908819
accuracy: 0.725586
----4-----
mean loss: 0.837734
accuracy: 0.735352
----0-----
----1-----
eval mean loss: 0.886318
eval accuracy: 0.725649
eval avg class acc: 0.684080
**** EPOCH 008 ****
----0-----
mean loss: 2.774418
accuracy: 0.410156
----1-----
mean loss: 1.623437
accuracy: 0.518995
----2-----
mean loss: 1.363106
accuracy: 0.597656
----3-----
mean loss: 1.207508
accuracy: 0.628418
----4-----
mean loss: 1.172100
accuracy: 0.646973
----0-----
----1-----
eval mean loss: 1.224698
eval accuracy: 0.632711
eval avg class acc: 0.579455
**** EPOCH 009 ****
----0-----
mean loss: 1.080154
accuracy: 0.670898
----1-----
mean loss: 0.993454
accuracy: 0.682598
----2-----
mean loss: 0.946013
accuracy: 0.707520
----3-----
mean loss: 0.940624
accuracy: 0.709961
----4-----
mean loss: 0.939189
accuracy: 0.699707
----0-----
----1-----
eval mean loss: 0.944924
eval accuracy: 0.713068
eval avg class acc: 0.654625
**** EPOCH 010 ****
----0-----
mean loss: 0.882696
accuracy: 0.731445
----1-----
mean loss: 0.823366
accuracy: 0.742188
----2-----
mean loss: 0.867950
accuracy: 0.724121
----3-----
mean loss: 0.811061
accuracy: 0.757966
----4-----
mean loss: 0.835618
accuracy: 0.740234
----0-----
----1-----
eval mean loss: 0.804358
eval accuracy: 0.740666
eval avg class acc: 0.678974
Model saved in file: /ghome/wangshuai/UltraNet/pointnet/log_200504/model.ckpt
**** EPOCH 011 ****
----0-----
mean loss: 0.782874
accuracy: 0.744629
----1-----
mean loss: 0.803823
accuracy: 0.746582
----2-----
mean loss: 0.766678
accuracy: 0.756836
----3-----
mean loss: 0.735080
accuracy: 0.766544
----4-----
mean loss: 0.764962
accuracy: 0.770508
----0-----
----1-----
eval mean loss: 0.750015
eval accuracy: 0.774351
eval avg class acc: 0.733701
**** EPOCH 012 ****
----0-----
mean loss: 0.735087
accuracy: 0.768555
----1-----
mean loss: 0.722078
accuracy: 0.757966
----2-----
mean loss: 0.732421
accuracy: 0.761230
----3-----
mean loss: 0.751983
accuracy: 0.767090
----4-----
mean loss: 0.782072
accuracy: 0.761230
----0-----
----1-----
eval mean loss: 0.717917
eval accuracy: 0.782873
eval avg class acc: 0.724715
**** EPOCH 013 ****
----0-----
mean loss: 0.697352
accuracy: 0.779785
----1-----
mean loss: 0.749444
accuracy: 0.773926
----2-----
mean loss: 0.713281
accuracy: 0.772949
----3-----
mean loss: 0.681459
accuracy: 0.783088
----4-----
mean loss: 0.726991
accuracy: 0.774414
----0-----
----1-----
eval mean loss: 0.735540
eval accuracy: 0.766234
eval avg class acc: 0.684531
**** EPOCH 014 ****
----0-----
mean loss: 0.698802
accuracy: 0.781738
----1-----
mean loss: 0.689246
accuracy: 0.787598
----2-----
mean loss: 0.676717
accuracy: 0.802734
----3-----
mean loss: 0.643729
accuracy: 0.793457
----4-----
mean loss: 0.653738
accuracy: 0.799020
----0-----
----1-----
eval mean loss: 0.702666
eval accuracy: 0.773945
eval avg class acc: 0.723695
**** EPOCH 015 ****
----0-----
mean loss: 0.651869
accuracy: 0.793945
----1-----
mean loss: 0.617764
accuracy: 0.802696
----2-----
mean loss: 0.702613
accuracy: 0.786133
----3-----
mean loss: 0.648511
accuracy: 0.796387
----4-----
mean loss: 0.664652
accuracy: 0.792480
----0-----
----1-----
eval mean loss: 0.697688
eval accuracy: 0.780844
eval avg class acc: 0.722452
**** EPOCH 016 ****
----0-----
mean loss: 0.582505
accuracy: 0.814951
----1-----
mean loss: 0.637062
accuracy: 0.802246
----2-----
mean loss: 0.660913
accuracy: 0.794922
----3-----
mean loss: 0.622781
accuracy: 0.807617
----4-----
mean loss: 0.636354
accuracy: 0.798828
----0-----
----1-----
eval mean loss: 0.631415
eval accuracy: 0.803977
eval avg class acc: 0.743221
**** EPOCH 017 ****
----0-----
mean loss: 0.598825
accuracy: 0.811523
----1-----
mean loss: 0.636690
accuracy: 0.789551
----2-----
mean loss: 0.577712
accuracy: 0.818015
----3-----
mean loss: 0.626686
accuracy: 0.792480
----4-----
mean loss: 0.604751
accuracy: 0.814941
----0-----
----1-----
eval mean loss: 0.663001
eval accuracy: 0.787744
eval avg class acc: 0.729895
**** EPOCH 018 ****
----0-----
mean loss: 0.580018
accuracy: 0.807129
----1-----
mean loss: 0.557917
accuracy: 0.825980
----2-----
mean loss: 0.598692
accuracy: 0.812012
----3-----
mean loss: 0.578814
accuracy: 0.812500
----4-----
mean loss: 0.614897
accuracy: 0.814453
----0-----
----1-----
eval mean loss: 0.622043
eval accuracy: 0.808442
eval avg class acc: 0.743813
**** EPOCH 019 ****
----0-----
mean loss: 0.523519
accuracy: 0.843750
----1-----
mean loss: 0.558989
accuracy: 0.829102
----2-----
mean loss: 0.585078
accuracy: 0.819824
----3-----
mean loss: 0.595967
accuracy: 0.810547
----4-----
mean loss: 0.572820
accuracy: 0.823242
----0-----
----1-----
eval mean loss: 0.659895
eval accuracy: 0.793019
eval avg class acc: 0.728600
**** EPOCH 020 ****
----0-----
mean loss: 0.534527
accuracy: 0.830078
----1-----
mean loss: 0.568650
accuracy: 0.828613
----2-----
mean loss: 0.574449
accuracy: 0.811035
----3-----
mean loss: 0.547211
accuracy: 0.825195
----4-----
mean loss: 0.503519
accuracy: 0.837010
----0-----
----1-----
eval mean loss: 0.594900
eval accuracy: 0.810065
eval avg class acc: 0.762719
Model saved in file: /ghome/wangshuai/UltraNet/pointnet/log_200504/model.ckpt
**** EPOCH 021 ****
----0-----
mean loss: 0.498905
accuracy: 0.834473
----1-----
mean loss: 0.508886
accuracy: 0.828125
----2-----
mean loss: 0.488139
accuracy: 0.842285
----3-----
mean loss: 0.512072
accuracy: 0.837891
----4-----
mean loss: 0.486253
accuracy: 0.842525
----0-----
----1-----
eval mean loss: 0.571741
eval accuracy: 0.821834
eval avg class acc: 0.772069
**** EPOCH 022 ****
----0-----
mean loss: 0.495781
accuracy: 0.837402
----1-----
mean loss: 0.471635
accuracy: 0.840074
----2-----
mean loss: 0.495184
accuracy: 0.837891
----3-----
mean loss: 0.522279
accuracy: 0.836914
----4-----
mean loss: 0.492723
accuracy: 0.839844
----0-----
----1-----
eval mean loss: 0.521112
eval accuracy: 0.841315
eval avg class acc: 0.786135
**** EPOCH 023 ****
----0-----
mean loss: 0.471140
accuracy: 0.843262
----1-----
mean loss: 0.500654
accuracy: 0.836914
----2-----
mean loss: 0.477744
accuracy: 0.834961
----3-----
mean loss: 0.503124
accuracy: 0.829102
----4-----
mean loss: 0.477482
accuracy: 0.854779
----0-----
----1-----
eval mean loss: 0.526196
eval accuracy: 0.834010
eval avg class acc: 0.793602
**** EPOCH 024 ****
----0-----
mean loss: 0.433979
accuracy: 0.852051
----1-----
mean loss: 0.434249
accuracy: 0.858456
----2-----
mean loss: 0.519035
accuracy: 0.833984
----3-----
mean loss: 0.489894
accuracy: 0.839844
----4-----
mean loss: 0.481575
accuracy: 0.837402
----0-----
----1-----
eval mean loss: 0.537039
eval accuracy: 0.837662
eval avg class acc: 0.793128
**** EPOCH 025 ****
----0-----
mean loss: 0.474053
accuracy: 0.843750
----1-----
mean loss: 0.451747
accuracy: 0.856005
----2-----
mean loss: 0.446568
accuracy: 0.858887
----3-----
mean loss: 0.459926
accuracy: 0.850098
----4-----
mean loss: 0.495112
accuracy: 0.842285
----0-----
----1-----
eval mean loss: 0.514913
eval accuracy: 0.831575
eval avg class acc: 0.784166
**** EPOCH 026 ****
----0-----
mean loss: 0.461488
accuracy: 0.851074
----1-----
mean loss: 0.457236
accuracy: 0.849121
----2-----
mean loss: 0.483874
accuracy: 0.839355
----3-----
mean loss: 0.479565
accuracy: 0.844727
----4-----
mean loss: 0.438501
accuracy: 0.857230
----0-----
----1-----
eval mean loss: 0.525218
eval accuracy: 0.838880
eval avg class acc: 0.796392
**** EPOCH 027 ****
----0-----
mean loss: 0.459345
accuracy: 0.849121
----1-----
mean loss: 0.445339
accuracy: 0.859863
----2-----
mean loss: 0.457479
accuracy: 0.839355
----3-----
mean loss: 0.463125
accuracy: 0.851562
----4-----
mean loss: 0.419839
accuracy: 0.859069
----0-----
----1-----
eval mean loss: 0.507425
eval accuracy: 0.848214
eval avg class acc: 0.801066
**** EPOCH 028 ****
----0-----
mean loss: 0.444307
accuracy: 0.852539
----1-----
mean loss: 0.446850
accuracy: 0.855469
----2-----
mean loss: 0.463669
accuracy: 0.845215
----3-----
mean loss: 0.474702
accuracy: 0.848633
----4-----
mean loss: 0.404452
accuracy: 0.860907
----0-----
----1-----
eval mean loss: 0.529742
eval accuracy: 0.837256
eval avg class acc: 0.794969
**** EPOCH 029 ****
----0-----
mean loss: 0.439832
accuracy: 0.847168
----1-----
mean loss: 0.459047
accuracy: 0.853027
----2-----
mean loss: 0.407922
accuracy: 0.863358
----3-----
mean loss: 0.453251
accuracy: 0.853027
----4-----
mean loss: 0.454833
accuracy: 0.846680
----0-----
----1-----
eval mean loss: 0.537824
eval accuracy: 0.839692
eval avg class acc: 0.799267
**** EPOCH 030 ****
----0-----
mean loss: 0.428692
accuracy: 0.851562
----1-----
mean loss: 0.452106
accuracy: 0.857422
----2-----
mean loss: 0.471479
accuracy: 0.845215
----3-----
mean loss: 0.416393
accuracy: 0.868652
----4-----
mean loss: 0.414150
accuracy: 0.860907
----0-----
----1-----
eval mean loss: 0.521105
eval accuracy: 0.842127
eval avg class acc: 0.797489
Model saved in file: /ghome/wangshuai/UltraNet/pointnet/log_200504/model.ckpt
**** EPOCH 031 ****
----0-----
mean loss: 0.417688
accuracy: 0.859863
----1-----
mean loss: 0.416763
accuracy: 0.863770
----2-----
mean loss: 0.440212
accuracy: 0.854492
----3-----
mean loss: 0.417606
accuracy: 0.865809
----4-----
mean loss: 0.445903
accuracy: 0.855957
----0-----
----1-----
eval mean loss: 0.513774
eval accuracy: 0.845779
eval avg class acc: 0.795724
**** EPOCH 032 ****
----0-----
mean loss: 0.460211
accuracy: 0.849609
----1-----
mean loss: 0.495297
accuracy: 0.840332
----2-----
mean loss: 0.503896
accuracy: 0.833008
----3-----
mean loss: 0.462265
accuracy: 0.849609
----4-----
mean loss: 0.442800
accuracy: 0.848039
----0-----
----1-----
eval mean loss: 0.485073
eval accuracy: 0.848620
eval avg class acc: 0.802392
**** EPOCH 033 ****
----0-----
mean loss: 0.391123
accuracy: 0.871936
----1-----
mean loss: 0.435530
accuracy: 0.855469
----2-----
mean loss: 0.469782
accuracy: 0.845703
----3-----
mean loss: 0.454780
accuracy: 0.844727
----4-----
mean loss: 0.455361
accuracy: 0.850098
----0-----
----1-----
eval mean loss: 0.509765
eval accuracy: 0.839286
eval avg class acc: 0.791713
**** EPOCH 034 ****
----0-----
mean loss: 0.420060
accuracy: 0.862305
----1-----
mean loss: 0.427603
accuracy: 0.867676
----2-----
mean loss: 0.435141
accuracy: 0.852051
----3-----
mean loss: 0.410597
accuracy: 0.865809
----4-----
mean loss: 0.432665
accuracy: 0.865723
----0-----
----1-----
eval mean loss: 0.513173
eval accuracy: 0.846591
eval avg class acc: 0.801204
**** EPOCH 035 ****
----0-----
mean loss: 0.407162
accuracy: 0.856445
----1-----
mean loss: 0.401618
accuracy: 0.871936
----2-----
mean loss: 0.409064
accuracy: 0.863281
----3-----
mean loss: 0.406604
accuracy: 0.871094
----4-----
mean loss: 0.430034
accuracy: 0.854004
----0-----
----1-----
eval mean loss: 0.515900
eval accuracy: 0.842938
eval avg class acc: 0.800032
**** EPOCH 036 ****
----0-----
mean loss: 0.408867
accuracy: 0.873047
----1-----
mean loss: 0.429055
accuracy: 0.855469
----2-----
mean loss: 0.368456
accuracy: 0.879902
----3-----
mean loss: 0.411511
accuracy: 0.859375
----4-----
mean loss: 0.415006
accuracy: 0.856445
----0-----
----1-----
eval mean loss: 0.459292
eval accuracy: 0.862419
eval avg class acc: 0.821292
**** EPOCH 037 ****
----0-----
mean loss: 0.399093
accuracy: 0.865234
----1-----
mean loss: 0.385090
accuracy: 0.868164
----2-----
mean loss: 0.414599
accuracy: 0.858887
----3-----
mean loss: 0.405120
accuracy: 0.864258
----4-----
mean loss: 0.377618
accuracy: 0.870711
----0-----
----1-----
eval mean loss: 0.507339
eval accuracy: 0.846997
eval avg class acc: 0.806645
**** EPOCH 038 ****
----0-----
mean loss: 0.383877
accuracy: 0.870605
----1-----
mean loss: 0.394615
accuracy: 0.865723
----2-----
mean loss: 0.406767
accuracy: 0.862793
----3-----
mean loss: 0.382104
accuracy: 0.871936
----4-----
mean loss: 0.432158
accuracy: 0.852539
----0-----
----1-----
eval mean loss: 0.494031
eval accuracy: 0.855114
eval avg class acc: 0.822479
**** EPOCH 039 ****
----0-----
mean loss: 0.395438
accuracy: 0.871094
----1-----
mean loss: 0.388477
accuracy: 0.872559
----2-----
mean loss: 0.350334
accuracy: 0.880515
----3-----
mean loss: 0.415295
accuracy: 0.863281
----4-----
mean loss: 0.417685
accuracy: 0.870117
----0-----
----1-----
eval mean loss: 0.476442
eval accuracy: 0.861201
eval avg class acc: 0.818571
**** EPOCH 040 ****
----0-----
mean loss: 0.374244
accuracy: 0.875000
----1-----
mean loss: 0.321407
accuracy: 0.894608
----2-----
mean loss: 0.368916
accuracy: 0.871094
----3-----
mean loss: 0.391498
accuracy: 0.873047
----4-----
mean loss: 0.376171
accuracy: 0.873535
----0-----
----1-----
eval mean loss: 0.460912
eval accuracy: 0.863636
eval avg class acc: 0.823803
Model saved in file: /ghome/wangshuai/UltraNet/pointnet/log_200504/model.ckpt
**** EPOCH 041 ****
----0-----
mean loss: 0.295614
accuracy: 0.901961
----1-----
mean loss: 0.338220
accuracy: 0.879883
----2-----
mean loss: 0.354650
accuracy: 0.875488
----3-----
mean loss: 0.353290
accuracy: 0.872070
----4-----
mean loss: 0.341059
accuracy: 0.880859
----0-----
----1-----
eval mean loss: 0.478817
eval accuracy: 0.856737
eval avg class acc: 0.816579
**** EPOCH 042 ****
----0-----
mean loss: 0.336873
accuracy: 0.887695
----1-----
mean loss: 0.317781
accuracy: 0.891113
----2-----
mean loss: 0.377994
accuracy: 0.878906
----3-----
mean loss: 0.309103
accuracy: 0.899510
----4-----
mean loss: 0.361526
accuracy: 0.879883
----0-----
----1-----
eval mean loss: 0.484007
eval accuracy: 0.856737
eval avg class acc: 0.814879
**** EPOCH 043 ****
----0-----
mean loss: 0.307304
accuracy: 0.895221
----1-----
mean loss: 0.331504
accuracy: 0.888184
----2-----
mean loss: 0.346904
accuracy: 0.878418
----3-----
mean loss: 0.344936
accuracy: 0.879395
----4-----
mean loss: 0.359276
accuracy: 0.882812
----0-----
----1-----
eval mean loss: 0.515042
eval accuracy: 0.846591
eval avg class acc: 0.809155
**** EPOCH 044 ****
----0-----
mean loss: 0.332622
accuracy: 0.887255
----1-----
mean loss: 0.327466
accuracy: 0.883789
----2-----
mean loss: 0.342699
accuracy: 0.882324
----3-----
mean loss: 0.333384
accuracy: 0.889160
----4-----
mean loss: 0.334292
accuracy: 0.882324
----0-----
----1-----
eval mean loss: 0.477990
eval accuracy: 0.857955
eval avg class acc: 0.819148
**** EPOCH 045 ****
----0-----
mean loss: 0.318692
accuracy: 0.890137
----1-----
mean loss: 0.349153
accuracy: 0.880859
----2-----
mean loss: 0.320286
accuracy: 0.897059
----3-----
mean loss: 0.337164
accuracy: 0.890137
----4-----
mean loss: 0.322439
accuracy: 0.896973
----0-----
----1-----
eval mean loss: 0.456218
eval accuracy: 0.869318
eval avg class acc: 0.829483
**** EPOCH 046 ****
----0-----
mean loss: 0.315869
accuracy: 0.887207
----1-----
mean loss: 0.303079
accuracy: 0.903799
----2-----
mean loss: 0.315415
accuracy: 0.893066
----3-----
mean loss: 0.337895
accuracy: 0.884766
----4-----
mean loss: 0.333636
accuracy: 0.887695
----0-----
----1-----
eval mean loss: 0.463211
eval accuracy: 0.867695
eval avg class acc: 0.832395
**** EPOCH 047 ****
----0-----
mean loss: 0.319150
accuracy: 0.890137
----1-----
mean loss: 0.293523
accuracy: 0.898284
----2-----
mean loss: 0.314721
accuracy: 0.896484
----3-----
mean loss: 0.325070
accuracy: 0.892578
----4-----
mean loss: 0.336426
accuracy: 0.888672
----0-----
----1-----
eval mean loss: 0.460514
eval accuracy: 0.867289
eval avg class acc: 0.832007
**** EPOCH 048 ****
----0-----
mean loss: 0.310128
accuracy: 0.891113
----1-----
mean loss: 0.336746
accuracy: 0.882324
----2-----
mean loss: 0.333064
accuracy: 0.881836
----3-----
mean loss: 0.335941
accuracy: 0.890625
----4-----
mean loss: 0.297001
accuracy: 0.903799
----0-----
----1-----
eval mean loss: 0.475120
eval accuracy: 0.854708
eval avg class acc: 0.811772
**** EPOCH 049 ****
----0-----
mean loss: 0.266732
accuracy: 0.904412
----1-----
mean loss: 0.311809
accuracy: 0.895508
----2-----
mean loss: 0.330738
accuracy: 0.886230
----3-----
mean loss: 0.333183
accuracy: 0.891602
----4-----
mean loss: 0.307581
accuracy: 0.891113
----0-----
----1-----
eval mean loss: 0.454957
eval accuracy: 0.868101
eval avg class acc: 0.837819
**** EPOCH 050 ****
----0-----
mean loss: 0.324321
accuracy: 0.890625
----1-----
mean loss: 0.303569
accuracy: 0.897949
----2-----
mean loss: 0.303856
accuracy: 0.898926
----3-----
mean loss: 0.309123
accuracy: 0.890319
----4-----
mean loss: 0.307316
accuracy: 0.893555
----0-----
----1-----
eval mean loss: 0.479649
eval accuracy: 0.861201
eval avg class acc: 0.811986
Model saved in file: /ghome/wangshuai/UltraNet/pointnet/log_200504/model.ckpt
**** EPOCH 051 ****
----0-----
mean loss: 0.318774
accuracy: 0.886719
----1-----
mean loss: 0.297195
accuracy: 0.894043
----2-----
mean loss: 0.295316
accuracy: 0.895833
----3-----
mean loss: 0.319921
accuracy: 0.893555
----4-----
mean loss: 0.335400
accuracy: 0.888672
----0-----
----1-----
eval mean loss: 0.472492
eval accuracy: 0.855519
eval avg class acc: 0.826735
**** EPOCH 052 ****
----0-----
mean loss: 0.297711
accuracy: 0.890625
----1-----
mean loss: 0.324247
accuracy: 0.888672
----2-----
mean loss: 0.315594
accuracy: 0.889706
----3-----
mean loss: 0.312107
accuracy: 0.898926
----4-----
mean loss: 0.316080
accuracy: 0.889160
----0-----
----1-----
eval mean loss: 0.481252
eval accuracy: 0.866883
eval avg class acc: 0.827359
**** EPOCH 053 ****
----0-----
mean loss: 0.296683
accuracy: 0.897461
----1-----
mean loss: 0.312275
accuracy: 0.890137
----2-----
mean loss: 0.284469
accuracy: 0.901961
----3-----
mean loss: 0.336905
accuracy: 0.889160
----4-----
mean loss: 0.316224
accuracy: 0.891113
----0-----
----1-----
eval mean loss: 0.473961
eval accuracy: 0.863231
eval avg class acc: 0.818570
**** EPOCH 054 ****
----0-----
mean loss: 0.292320
accuracy: 0.896446
----1-----
mean loss: 0.288597
accuracy: 0.899414
----2-----
mean loss: 0.299143
accuracy: 0.896973
----3-----
mean loss: 0.290809
accuracy: 0.894531
----4-----
mean loss: 0.332643
accuracy: 0.894043
----0-----
----1-----
eval mean loss: 0.465397
eval accuracy: 0.862013
eval avg class acc: 0.822443
**** EPOCH 055 ****
----0-----
mean loss: 0.275535
accuracy: 0.906250
----1-----
mean loss: 0.295529
accuracy: 0.893066
----2-----
mean loss: 0.287400
accuracy: 0.900391
----3-----
mean loss: 0.310463
accuracy: 0.900879
----4-----
mean loss: 0.305096
accuracy: 0.891113
----0-----
----1-----
eval mean loss: 0.461621
eval accuracy: 0.870536
eval avg class acc: 0.827892
**** EPOCH 056 ****
----0-----
mean loss: 0.306940
accuracy: 0.901855
----1-----
mean loss: 0.279128
accuracy: 0.903320
----2-----
mean loss: 0.299288
accuracy: 0.898926
----3-----
mean loss: 0.303738
accuracy: 0.900391
----4-----
mean loss: 0.275780
accuracy: 0.911152
----0-----
----1-----
eval mean loss: 0.443417
eval accuracy: 0.872159
eval avg class acc: 0.836278
**** EPOCH 057 ****
----0-----
mean loss: 0.307486
accuracy: 0.892090
----1-----
mean loss: 0.280702
accuracy: 0.910539
----2-----
mean loss: 0.312615
accuracy: 0.892090
----3-----
mean loss: 0.315233
accuracy: 0.889160
----4-----
mean loss: 0.296713
accuracy: 0.899902
----0-----
----1-----
eval mean loss: 0.515906
eval accuracy: 0.857143
eval avg class acc: 0.819351
**** EPOCH 058 ****
----0-----
mean loss: 0.280523
accuracy: 0.892578
----1-----
mean loss: 0.279221
accuracy: 0.904297
----2-----
mean loss: 0.291302
accuracy: 0.895020
----3-----
mean loss: 0.287702
accuracy: 0.898438
----4-----
mean loss: 0.294362
accuracy: 0.902574
----0-----
----1-----
eval mean loss: 0.464489
eval accuracy: 0.872565
eval avg class acc: 0.835217
**** EPOCH 059 ****
----0-----
mean loss: 0.303402
accuracy: 0.894043
----1-----
mean loss: 0.312259
accuracy: 0.894531
----2-----
mean loss: 0.303887
accuracy: 0.892770
----3-----
mean loss: 0.301321
accuracy: 0.894043
----4-----
mean loss: 0.297976
accuracy: 0.896484
----0-----
----1-----
eval mean loss: 0.462806
eval accuracy: 0.871347
eval avg class acc: 0.840504
**** EPOCH 060 ****
----0-----
mean loss: 0.289518
accuracy: 0.896484
----1-----
mean loss: 0.279689
accuracy: 0.905762
----2-----
mean loss: 0.288721
accuracy: 0.896484
----3-----
mean loss: 0.296793
accuracy: 0.896973
----4-----
mean loss: 0.260536
accuracy: 0.905637
----0-----
----1-----
eval mean loss: 0.479216
eval accuracy: 0.866071
eval avg class acc: 0.836960
Model saved in file: /ghome/wangshuai/UltraNet/pointnet/log_200504/model.ckpt
**** EPOCH 061 ****
----0-----
mean loss: 0.275555
accuracy: 0.900879
----1-----
mean loss: 0.253892
accuracy: 0.922794
----2-----
mean loss: 0.254505
accuracy: 0.910156
----3-----
mean loss: 0.264793
accuracy: 0.916016
----4-----
mean loss: 0.278766
accuracy: 0.902344
----0-----
----1-----
eval mean loss: 0.446282
eval accuracy: 0.871347
eval avg class acc: 0.827485
**** EPOCH 062 ****
----0-----
mean loss: 0.267870
accuracy: 0.908203
----1-----
mean loss: 0.257419
accuracy: 0.919118
----2-----
mean loss: 0.263937
accuracy: 0.906738
----3-----
mean loss: 0.243936
accuracy: 0.912598
----4-----
mean loss: 0.257775
accuracy: 0.907227
----0-----
----1-----
eval mean loss: 0.432139
eval accuracy: 0.878653
eval avg class acc: 0.839847
**** EPOCH 063 ****
----0-----
mean loss: 0.253996
accuracy: 0.913574
----1-----
mean loss: 0.256862
accuracy: 0.911621
----2-----
mean loss: 0.258490
accuracy: 0.905273
----3-----
mean loss: 0.233372
accuracy: 0.918505
----4-----
mean loss: 0.259126
accuracy: 0.908203
----0-----
----1-----
eval mean loss: 0.459813
eval accuracy: 0.875406
eval avg class acc: 0.833691
**** EPOCH 064 ****
----0-----
mean loss: 0.250307
accuracy: 0.914551
----1-----
mean loss: 0.243762
accuracy: 0.915527
----2-----
mean loss: 0.231256
accuracy: 0.914551
----3-----
mean loss: 0.256091
accuracy: 0.913574
----4-----
mean loss: 0.226924
accuracy: 0.912377
----0-----
----1-----
eval mean loss: 0.450819
eval accuracy: 0.876623
eval avg class acc: 0.844695
**** EPOCH 065 ****
----0-----
mean loss: 0.211878
accuracy: 0.923407
----1-----
mean loss: 0.248021
accuracy: 0.912598
----2-----
mean loss: 0.255583
accuracy: 0.911133
----3-----
mean loss: 0.260317
accuracy: 0.905762
----4-----
mean loss: 0.251972
accuracy: 0.913086
----0-----
----1-----
eval mean loss: 0.426533
eval accuracy: 0.883523
eval avg class acc: 0.849850
**** EPOCH 066 ****
----0-----
mean loss: 0.229396
accuracy: 0.918945
----1-----
mean loss: 0.249334
accuracy: 0.910156
----2-----
mean loss: 0.229663
accuracy: 0.920956
----3-----
mean loss: 0.253183
accuracy: 0.912598
----4-----
mean loss: 0.248972
accuracy: 0.912109
----0-----
----1-----
eval mean loss: 0.466842
eval accuracy: 0.863231
eval avg class acc: 0.826821
**** EPOCH 067 ****
----0-----
mean loss: 0.236054
accuracy: 0.910156
----1-----
mean loss: 0.251205
accuracy: 0.913574
----2-----
mean loss: 0.252968
accuracy: 0.913574
----3-----
mean loss: 0.239471
accuracy: 0.916667
----4-----
mean loss: 0.256147
accuracy: 0.910645
----0-----
----1-----
eval mean loss: 0.462871
eval accuracy: 0.875812
eval avg class acc: 0.832828
**** EPOCH 068 ****
----0-----
mean loss: 0.225731
accuracy: 0.920898
----1-----
mean loss: 0.242663
accuracy: 0.910156
----2-----
mean loss: 0.253827
accuracy: 0.917480
----3-----
mean loss: 0.238864
accuracy: 0.921387
----4-----
mean loss: 0.219737
accuracy: 0.918505
----0-----
----1-----
eval mean loss: 0.454744
eval accuracy: 0.876623
eval avg class acc: 0.841109
**** EPOCH 069 ****
----0-----
mean loss: 0.220511
accuracy: 0.922852
----1-----
mean loss: 0.226666
accuracy: 0.920343
----2-----
mean loss: 0.228340
accuracy: 0.926270
----3-----
mean loss: 0.255060
accuracy: 0.907227
----4-----
mean loss: 0.258266
accuracy: 0.904785
----0-----
----1-----
eval mean loss: 0.480258
eval accuracy: 0.870536
eval avg class acc: 0.832235
**** EPOCH 070 ****
----0-----
mean loss: 0.236393
accuracy: 0.919922
----1-----
mean loss: 0.244756
accuracy: 0.911133
----2-----
mean loss: 0.233666
accuracy: 0.915441
----3-----
mean loss: 0.255282
accuracy: 0.906738
----4-----
mean loss: 0.250090
accuracy: 0.909668
----0-----
----1-----
eval mean loss: 0.476786
eval accuracy: 0.861607
eval avg class acc: 0.812528
Model saved in file: /ghome/wangshuai/UltraNet/pointnet/log_200504/model.ckpt
**** EPOCH 071 ****
----0-----
mean loss: 0.188671
accuracy: 0.938725
----1-----
mean loss: 0.225318
accuracy: 0.922852
----2-----
mean loss: 0.238194
accuracy: 0.914062
----3-----
mean loss: 0.240762
accuracy: 0.916992
----4-----
mean loss: 0.263018
accuracy: 0.906250
----0-----
----1-----
eval mean loss: 0.468425
eval accuracy: 0.871753
eval avg class acc: 0.832764
**** EPOCH 072 ****
----0-----
mean loss: 0.248752
accuracy: 0.915039
----1-----
mean loss: 0.240889
accuracy: 0.910645
----2-----
mean loss: 0.237697
accuracy: 0.916016
----3-----
mean loss: 0.245468
accuracy: 0.919434
----4-----
mean loss: 0.220251
accuracy: 0.921569
----0-----
----1-----
eval mean loss: 0.475243
eval accuracy: 0.867289
eval avg class acc: 0.829242
**** EPOCH 073 ****
----0-----
mean loss: 0.239727
accuracy: 0.915039
----1-----
mean loss: 0.228867
accuracy: 0.915039
----2-----
mean loss: 0.247198
accuracy: 0.911765
----3-----
mean loss: 0.228959
accuracy: 0.911133
----4-----
mean loss: 0.224995
accuracy: 0.919922
----0-----
----1-----
eval mean loss: 0.488761
eval accuracy: 0.864448
eval avg class acc: 0.827124
**** EPOCH 074 ****
----0-----
mean loss: 0.223342
accuracy: 0.924020
----1-----
mean loss: 0.245202
accuracy: 0.913574
----2-----
mean loss: 0.239674
accuracy: 0.915527
----3-----
mean loss: 0.240440
accuracy: 0.913574
----4-----
mean loss: 0.250291
accuracy: 0.911133
----0-----
----1-----
eval mean loss: 0.465720
eval accuracy: 0.876218
eval avg class acc: 0.840035
**** EPOCH 075 ****
----0-----
mean loss: 0.223282
accuracy: 0.918457
----1-----
mean loss: 0.244487
accuracy: 0.914062
----2-----
mean loss: 0.204621
accuracy: 0.927696
----3-----
mean loss: 0.230796
accuracy: 0.917969
----4-----
mean loss: 0.215436
accuracy: 0.926270
----0-----
----1-----
eval mean loss: 0.451322
eval accuracy: 0.875812
eval avg class acc: 0.836068
**** EPOCH 076 ****
----0-----
mean loss: 0.194215
accuracy: 0.934570
----1-----
mean loss: 0.222143
accuracy: 0.921387
----2-----
mean loss: 0.243354
accuracy: 0.926270
----3-----
mean loss: 0.233620
accuracy: 0.913086
----4-----
mean loss: 0.212137
accuracy: 0.924632
----0-----
----1-----
eval mean loss: 0.456805
eval accuracy: 0.874188
eval avg class acc: 0.836707
**** EPOCH 077 ****
----0-----
mean loss: 0.208939
accuracy: 0.926270
----1-----
mean loss: 0.202319
accuracy: 0.936275
----2-----
mean loss: 0.229447
accuracy: 0.918457
----3-----
mean loss: 0.228485
accuracy: 0.915039
----4-----
mean loss: 0.227106
accuracy: 0.921875
----0-----
----1-----
eval mean loss: 0.456532
eval accuracy: 0.868912
eval avg class acc: 0.837690
**** EPOCH 078 ****
----0-----
mean loss: 0.227637
accuracy: 0.922852
----1-----
mean loss: 0.228435
accuracy: 0.917480
----2-----
mean loss: 0.224708
accuracy: 0.921875
----3-----
mean loss: 0.210885
accuracy: 0.923407
----4-----
mean loss: 0.232922
accuracy: 0.920410
----0-----
----1-----
eval mean loss: 0.482107
eval accuracy: 0.862825
eval avg class acc: 0.831731
**** EPOCH 079 ****
----0-----
mean loss: 0.217605
accuracy: 0.920956
----1-----
mean loss: 0.200991
accuracy: 0.934082
----2-----
mean loss: 0.225426
accuracy: 0.919922
----3-----
mean loss: 0.207995
accuracy: 0.924316
----4-----
mean loss: 0.230142
accuracy: 0.924316
----0-----
----1-----
eval mean loss: 0.449989
eval accuracy: 0.877841
eval avg class acc: 0.845001
**** EPOCH 080 ****
----0-----
mean loss: 0.194461
accuracy: 0.932129
----1-----
mean loss: 0.215032
accuracy: 0.923828
----2-----
mean loss: 0.212040
accuracy: 0.926758
----3-----
mean loss: 0.228933
accuracy: 0.914062
----4-----
mean loss: 0.214120
accuracy: 0.919118
----0-----
----1-----
eval mean loss: 0.454848
eval accuracy: 0.877029
eval avg class acc: 0.837508
Model saved in file: /ghome/wangshuai/UltraNet/pointnet/log_200504/model.ckpt
**** EPOCH 081 ****
----0-----
mean loss: 0.216663
accuracy: 0.921387
----1-----
mean loss: 0.228055
accuracy: 0.919434
----2-----
mean loss: 0.213684
accuracy: 0.923340
----3-----
mean loss: 0.216828
accuracy: 0.922363
----4-----
mean loss: 0.194244
accuracy: 0.930760
----0-----
----1-----
eval mean loss: 0.457928
eval accuracy: 0.879058
eval avg class acc: 0.844199
**** EPOCH 082 ****
----0-----
mean loss: 0.175300
accuracy: 0.933211
----1-----
mean loss: 0.188925
accuracy: 0.933594
----2-----
mean loss: 0.200310
accuracy: 0.928711
----3-----
mean loss: 0.202707
accuracy: 0.928711
----4-----
mean loss: 0.201791
accuracy: 0.932617
----0-----
----1-----
eval mean loss: 0.443674
eval accuracy: 0.883117
eval avg class acc: 0.849058
**** EPOCH 083 ****
----0-----
mean loss: 0.192834
accuracy: 0.927083
----1-----
mean loss: 0.201352
accuracy: 0.928223
----2-----
mean loss: 0.206806
accuracy: 0.930664
----3-----
mean loss: 0.212166
accuracy: 0.925293
----4-----
mean loss: 0.208239
accuracy: 0.929199
----0-----
----1-----
eval mean loss: 0.465030
eval accuracy: 0.873782
eval avg class acc: 0.847799
**** EPOCH 084 ****
----0-----
mean loss: 0.195607
accuracy: 0.936035
----1-----
mean loss: 0.178169
accuracy: 0.933824
----2-----
mean loss: 0.201646
accuracy: 0.927734
----3-----
mean loss: 0.202002
accuracy: 0.926758
----4-----
mean loss: 0.201580
accuracy: 0.923828
----0-----
----1-----
eval mean loss: 0.474893
eval accuracy: 0.878653
eval avg class acc: 0.852073
**** EPOCH 085 ****
----0-----
mean loss: 0.201590
accuracy: 0.931152
----1-----
mean loss: 0.185674
accuracy: 0.932129
----2-----
mean loss: 0.191439
accuracy: 0.933211
----3-----
mean loss: 0.206442
accuracy: 0.919434
----4-----
mean loss: 0.203467
accuracy: 0.929199
----0-----
----1-----
eval mean loss: 0.461909
eval accuracy: 0.878653
eval avg class acc: 0.841032
**** EPOCH 086 ****
----0-----
mean loss: 0.198153
accuracy: 0.927734
----1-----
mean loss: 0.209433
accuracy: 0.923828
----2-----
mean loss: 0.188170
accuracy: 0.936523
----3-----
mean loss: 0.194318
accuracy: 0.925858
----4-----
mean loss: 0.189093
accuracy: 0.938477
----0-----
----1-----
eval mean loss: 0.470933
eval accuracy: 0.876218
eval avg class acc: 0.837881
**** EPOCH 087 ****
----0-----
mean loss: 0.190650
accuracy: 0.926758
----1-----
mean loss: 0.194991
accuracy: 0.926270
----2-----
mean loss: 0.207802
accuracy: 0.926270
----3-----
mean loss: 0.202896
accuracy: 0.932129
----4-----
mean loss: 0.183392
accuracy: 0.940564
----0-----
----1-----
eval mean loss: 0.461454
eval accuracy: 0.879464
eval avg class acc: 0.841719
**** EPOCH 088 ****
----0-----
mean loss: 0.185017
accuracy: 0.936523
----1-----
mean loss: 0.193751
accuracy: 0.930176
----2-----
mean loss: 0.203190
accuracy: 0.928711
----3-----
mean loss: 0.192449
accuracy: 0.930664
----4-----
mean loss: 0.216253
accuracy: 0.923407
----0-----
----1-----
eval mean loss: 0.459448
eval accuracy: 0.882305
eval avg class acc: 0.841816
**** EPOCH 089 ****
----0-----
mean loss: 0.189748
accuracy: 0.930176
----1-----
mean loss: 0.187955
accuracy: 0.932129
----2-----
mean loss: 0.184087
accuracy: 0.941176
----3-----
mean loss: 0.193731
accuracy: 0.929199
----4-----
mean loss: 0.193620
accuracy: 0.933105
----0-----
----1-----
eval mean loss: 0.463598
eval accuracy: 0.881088
eval avg class acc: 0.844103
**** EPOCH 090 ****
----0-----
mean loss: 0.192775
accuracy: 0.929199
----1-----
mean loss: 0.194000
accuracy: 0.930664
----2-----
mean loss: 0.182564
accuracy: 0.938965
----3-----
mean loss: 0.197239
accuracy: 0.933211
----4-----
mean loss: 0.213814
accuracy: 0.921875
----0-----
----1-----
eval mean loss: 0.446673
eval accuracy: 0.874594
eval avg class acc: 0.836174
Model saved in file: /ghome/wangshuai/UltraNet/pointnet/log_200504/model.ckpt
**** EPOCH 091 ****
----0-----
mean loss: 0.192445
accuracy: 0.931641
----1-----
mean loss: 0.204297
accuracy: 0.926270
----2-----
mean loss: 0.199744
accuracy: 0.927734
----3-----
mean loss: 0.194087
accuracy: 0.927083
----4-----
mean loss: 0.195272
accuracy: 0.928711
----0-----
----1-----
eval mean loss: 0.459814
eval accuracy: 0.876623
eval avg class acc: 0.841763
**** EPOCH 092 ****
----0-----
mean loss: 0.167272
accuracy: 0.939338
----1-----
mean loss: 0.177552
accuracy: 0.935547
----2-----
mean loss: 0.179433
accuracy: 0.938477
----3-----
mean loss: 0.190802
accuracy: 0.935059
----4-----
mean loss: 0.208983
accuracy: 0.922363
----0-----
----1-----
eval mean loss: 0.448993
eval accuracy: 0.886364
eval avg class acc: 0.853478
**** EPOCH 093 ****
----0-----
mean loss: 0.178859
accuracy: 0.932129
----1-----
mean loss: 0.164317
accuracy: 0.941789
----2-----
mean loss: 0.180721
accuracy: 0.935547
----3-----
mean loss: 0.182447
accuracy: 0.933105
----4-----
mean loss: 0.170065
accuracy: 0.942383
----0-----
----1-----
eval mean loss: 0.492088
eval accuracy: 0.871347
eval avg class acc: 0.834879
**** EPOCH 094 ****
----0-----
mean loss: 0.175114
accuracy: 0.937988
----1-----
mean loss: 0.182554
accuracy: 0.933594
----2-----
mean loss: 0.187572
accuracy: 0.938725
----3-----
mean loss: 0.179767
accuracy: 0.931641
----4-----
mean loss: 0.180731
accuracy: 0.929199
----0-----
----1-----
eval mean loss: 0.455352
eval accuracy: 0.884334
eval avg class acc: 0.835240
**** EPOCH 095 ****
----0-----
mean loss: 0.167867
accuracy: 0.938965
----1-----
mean loss: 0.164812
accuracy: 0.935662
----2-----
mean loss: 0.196412
accuracy: 0.924316
----3-----
mean loss: 0.189522
accuracy: 0.934082
----4-----
mean loss: 0.194566
accuracy: 0.930176
----0-----
----1-----
eval mean loss: 0.454391
eval accuracy: 0.879464
eval avg class acc: 0.846683
**** EPOCH 096 ****
----0-----
mean loss: 0.176342
accuracy: 0.942383
----1-----
mean loss: 0.171232
accuracy: 0.936523
----2-----
mean loss: 0.191688
accuracy: 0.934082
----3-----
mean loss: 0.181302
accuracy: 0.931641
----4-----
mean loss: 0.179025
accuracy: 0.938113
----0-----
----1-----
eval mean loss: 0.478284
eval accuracy: 0.873782
eval avg class acc: 0.836532
**** EPOCH 097 ****
----0-----
mean loss: 0.201741
accuracy: 0.930664
----1-----
mean loss: 0.161471
accuracy: 0.940564
----2-----
mean loss: 0.184674
accuracy: 0.930664
----3-----
mean loss: 0.190397
accuracy: 0.937012
----4-----
mean loss: 0.184036
accuracy: 0.933594
----0-----
----1-----
eval mean loss: 0.481948
eval accuracy: 0.874594
eval avg class acc: 0.841185
**** EPOCH 098 ****
----0-----
mean loss: 0.179326
accuracy: 0.940430
----1-----
mean loss: 0.173182
accuracy: 0.940918
----2-----
mean loss: 0.178032
accuracy: 0.938477
----3-----
mean loss: 0.181424
accuracy: 0.935059
----4-----
mean loss: 0.189433
accuracy: 0.936275
----0-----
----1-----
eval mean loss: 0.451789
eval accuracy: 0.877029
eval avg class acc: 0.843845
**** EPOCH 099 ****
----0-----
mean loss: 0.179229
accuracy: 0.939941
----1-----
mean loss: 0.191902
accuracy: 0.932129
----2-----
mean loss: 0.168693
accuracy: 0.934436
----3-----
mean loss: 0.178607
accuracy: 0.934570
----4-----
mean loss: 0.188287
accuracy: 0.938965
----0-----
----1-----
eval mean loss: 0.467704
eval accuracy: 0.879464
eval avg class acc: 0.842317
**** EPOCH 100 ****
----0-----
mean loss: 0.168946
accuracy: 0.942871
----1-----
mean loss: 0.176618
accuracy: 0.936035
----2-----
mean loss: 0.179206
accuracy: 0.944336
----3-----
mean loss: 0.167984
accuracy: 0.942402
----4-----
mean loss: 0.187341
accuracy: 0.935059
----0-----
----1-----
eval mean loss: 0.461195
eval accuracy: 0.883523
eval avg class acc: 0.852784
Model saved in file: /ghome/wangshuai/UltraNet/pointnet/log_200504/model.ckpt
**** EPOCH 101 ****
----0-----
mean loss: 0.174439
accuracy: 0.940430
----1-----
mean loss: 0.175848
accuracy: 0.938477
----2-----
mean loss: 0.171333
accuracy: 0.938725
----3-----
mean loss: 0.177028
accuracy: 0.937500
----4-----
mean loss: 0.171716
accuracy: 0.943848
----0-----
----1-----
eval mean loss: 0.464703
eval accuracy: 0.879464
eval avg class acc: 0.842948
**** EPOCH 102 ****
----0-----
mean loss: 0.162275
accuracy: 0.940918
----1-----
mean loss: 0.178846
accuracy: 0.933105
----2-----
mean loss: 0.171311
accuracy: 0.939453
----3-----
mean loss: 0.167037
accuracy: 0.942871
----4-----
mean loss: 0.156805
accuracy: 0.942402
----0-----
----1-----
eval mean loss: 0.478354
eval accuracy: 0.879058
eval avg class acc: 0.843352
**** EPOCH 103 ****
----0-----
mean loss: 0.186614
accuracy: 0.937500
----1-----
mean loss: 0.176295
accuracy: 0.931152
----2-----
mean loss: 0.171721
accuracy: 0.942871
----3-----
mean loss: 0.161985
accuracy: 0.944336
----4-----
mean loss: 0.156010
accuracy: 0.944853
----0-----
----1-----
eval mean loss: 0.472291
eval accuracy: 0.880276
eval avg class acc: 0.855264
**** EPOCH 104 ****
----0-----
mean loss: 0.164037
accuracy: 0.939941
----1-----
mean loss: 0.180833
accuracy: 0.938965
----2-----
mean loss: 0.167593
accuracy: 0.946691
----3-----
mean loss: 0.163250
accuracy: 0.943848
----4-----
mean loss: 0.167519
accuracy: 0.940918
----0-----
----1-----
eval mean loss: 0.476055
eval accuracy: 0.880276
eval avg class acc: 0.848586
**** EPOCH 105 ****
----0-----
mean loss: 0.169849
accuracy: 0.936523
----1-----
mean loss: 0.171775
accuracy: 0.934570
----2-----
mean loss: 0.173147
accuracy: 0.941895
----3-----
mean loss: 0.159825
accuracy: 0.935662
----4-----
mean loss: 0.164811
accuracy: 0.944336
----0-----
----1-----
eval mean loss: 0.472251
eval accuracy: 0.876218
eval avg class acc: 0.836508
**** EPOCH 106 ****
----0-----
mean loss: 0.150590
accuracy: 0.947917
----1-----
mean loss: 0.160464
accuracy: 0.940918
----2-----
mean loss: 0.154420
accuracy: 0.942383
----3-----
mean loss: 0.160514
accuracy: 0.944824
----4-----
mean loss: 0.159719
accuracy: 0.942383
----0-----
----1-----
eval mean loss: 0.475956
eval accuracy: 0.875406
eval avg class acc: 0.841488
**** EPOCH 107 ****
----0-----
mean loss: 0.160327
accuracy: 0.943627
----1-----
mean loss: 0.154737
accuracy: 0.942383
----2-----
mean loss: 0.170882
accuracy: 0.942383
----3-----
mean loss: 0.183670
accuracy: 0.930664
----4-----
mean loss: 0.167600
accuracy: 0.940430
----0-----
----1-----
eval mean loss: 0.478999
eval accuracy: 0.872971
eval avg class acc: 0.838603
**** EPOCH 108 ****
----0-----
mean loss: 0.159572
accuracy: 0.942871
----1-----
mean loss: 0.171885
accuracy: 0.937500
----2-----
mean loss: 0.185141
accuracy: 0.932129
----3-----
mean loss: 0.170706
accuracy: 0.939941
----4-----
mean loss: 0.176630
accuracy: 0.941176
----0-----
----1-----
eval mean loss: 0.513636
eval accuracy: 0.869724
eval avg class acc: 0.831420
**** EPOCH 109 ****
----0-----
mean loss: 0.160206
accuracy: 0.934570
----1-----
mean loss: 0.159706
accuracy: 0.942871
----2-----
mean loss: 0.153918
accuracy: 0.946777
----3-----
mean loss: 0.160088
accuracy: 0.941895
----4-----
mean loss: 0.141380
accuracy: 0.946078
----0-----
----1-----
eval mean loss: 0.477972
eval accuracy: 0.881088
eval avg class acc: 0.843485
**** EPOCH 110 ****
----0-----
mean loss: 0.160497
accuracy: 0.942871
----1-----
mean loss: 0.140561
accuracy: 0.957031
----2-----
mean loss: 0.162848
accuracy: 0.938113
----3-----
mean loss: 0.162748
accuracy: 0.946777
----4-----
mean loss: 0.158642
accuracy: 0.939941
----0-----
----1-----
eval mean loss: 0.492343
eval accuracy: 0.872159
eval avg class acc: 0.845065
Model saved in file: /ghome/wangshuai/UltraNet/pointnet/log_200504/model.ckpt
**** EPOCH 111 ****
----0-----
mean loss: 0.154938
accuracy: 0.945312
----1-----
mean loss: 0.153287
accuracy: 0.947754
----2-----
mean loss: 0.139561
accuracy: 0.952206
----3-----
mean loss: 0.176145
accuracy: 0.937012
----4-----
mean loss: 0.152952
accuracy: 0.941895
----0-----
----1-----
eval mean loss: 0.493640
eval accuracy: 0.879870
eval avg class acc: 0.844603
**** EPOCH 112 ****
----0-----
mean loss: 0.132082
accuracy: 0.953613
----1-----
mean loss: 0.149521
accuracy: 0.952819
----2-----
mean loss: 0.154787
accuracy: 0.946289
----3-----
mean loss: 0.166210
accuracy: 0.943848
----4-----
mean loss: 0.168576
accuracy: 0.941895
----0-----
----1-----
eval mean loss: 0.523322
eval accuracy: 0.866071
eval avg class acc: 0.835739
**** EPOCH 113 ****
----0-----
mean loss: 0.143787
accuracy: 0.948242
----1-----
mean loss: 0.165885
accuracy: 0.943359
----2-----
mean loss: 0.158212
accuracy: 0.945466
----3-----
mean loss: 0.173772
accuracy: 0.943359
----4-----
mean loss: 0.176918
accuracy: 0.936523
----0-----
----1-----
eval mean loss: 0.506144
eval accuracy: 0.871347
eval avg class acc: 0.845671
**** EPOCH 114 ****
----0-----
mean loss: 0.160463
accuracy: 0.944336
----1-----
mean loss: 0.149553
accuracy: 0.951172
----2-----
mean loss: 0.140490
accuracy: 0.951593
----3-----
mean loss: 0.166795
accuracy: 0.939453
----4-----
mean loss: 0.149858
accuracy: 0.946289
----0-----
----1-----
eval mean loss: 0.480199
eval accuracy: 0.884334
eval avg class acc: 0.854406
**** EPOCH 115 ****
----0-----
mean loss: 0.148895
accuracy: 0.946289
----1-----
mean loss: 0.152300
accuracy: 0.941406
----2-----
mean loss: 0.163713
accuracy: 0.936523
----3-----
mean loss: 0.176710
accuracy: 0.935547
----4-----
mean loss: 0.145229
accuracy: 0.949755
----0-----
----1-----
eval mean loss: 0.462125
eval accuracy: 0.884740
eval avg class acc: 0.865653
**** EPOCH 116 ****
----0-----
mean loss: 0.158284
accuracy: 0.946691
----1-----
mean loss: 0.142396
accuracy: 0.951172
----2-----
mean loss: 0.147543
accuracy: 0.947754
----3-----
mean loss: 0.158962
accuracy: 0.938477
----4-----
mean loss: 0.155213
accuracy: 0.943848
----0-----
----1-----
eval mean loss: 0.498506
eval accuracy: 0.872159
eval avg class acc: 0.833744
**** EPOCH 117 ****
----0-----
mean loss: 0.136707
accuracy: 0.948529
----1-----
mean loss: 0.138763
accuracy: 0.950684
----2-----
mean loss: 0.147587
accuracy: 0.947754
----3-----
mean loss: 0.148502
accuracy: 0.947266
----4-----
mean loss: 0.152408
accuracy: 0.940430
----0-----
----1-----
eval mean loss: 0.482302
eval accuracy: 0.883929
eval avg class acc: 0.846385
**** EPOCH 118 ****
----0-----
mean loss: 0.144372
accuracy: 0.950684
----1-----
mean loss: 0.157365
accuracy: 0.940918
----2-----
mean loss: 0.155848
accuracy: 0.946078
----3-----
mean loss: 0.161794
accuracy: 0.945801
----4-----
mean loss: 0.142049
accuracy: 0.944336
----0-----
----1-----
eval mean loss: 0.479504
eval accuracy: 0.876218
eval avg class acc: 0.838060
**** EPOCH 119 ****
----0-----
mean loss: 0.146246
accuracy: 0.948242
----1-----
mean loss: 0.141847
accuracy: 0.953125
----2-----
mean loss: 0.152467
accuracy: 0.944853
----3-----
mean loss: 0.161000
accuracy: 0.945312
----4-----
mean loss: 0.149726
accuracy: 0.940918
----0-----
----1-----
eval mean loss: 0.475145
eval accuracy: 0.881494
eval avg class acc: 0.841534
**** EPOCH 120 ****
----0-----
mean loss: 0.147951
accuracy: 0.947917
----1-----
mean loss: 0.149879
accuracy: 0.943359
----2-----
mean loss: 0.152787
accuracy: 0.947266
----3-----
mean loss: 0.150049
accuracy: 0.941895
----4-----
mean loss: 0.149441
accuracy: 0.951172
----0-----
----1-----
eval mean loss: 0.476848
eval accuracy: 0.878247
eval avg class acc: 0.844274
Model saved in file: /ghome/wangshuai/UltraNet/pointnet/log_200504/model.ckpt
**** EPOCH 121 ****
----0-----
mean loss: 0.147766
accuracy: 0.948242
----1-----
mean loss: 0.136183
accuracy: 0.953613
----2-----
mean loss: 0.140503
accuracy: 0.951172
----3-----
mean loss: 0.161277
accuracy: 0.937500
----4-----
mean loss: 0.157521
accuracy: 0.936275
----0-----
----1-----
eval mean loss: 0.491291
eval accuracy: 0.876623
eval avg class acc: 0.849141
**** EPOCH 122 ****
----0-----
mean loss: 0.149248
accuracy: 0.945312
----1-----
mean loss: 0.138311
accuracy: 0.947917
----2-----
mean loss: 0.134998
accuracy: 0.951172
----3-----
mean loss: 0.150620
accuracy: 0.941895
----4-----
mean loss: 0.140970
accuracy: 0.948730
----0-----
----1-----
eval mean loss: 0.470524
eval accuracy: 0.882711
eval avg class acc: 0.854206
**** EPOCH 123 ****
----0-----
mean loss: 0.142742
accuracy: 0.941895
----1-----
mean loss: 0.134716
accuracy: 0.953125
----2-----
mean loss: 0.134728
accuracy: 0.953125
----3-----
mean loss: 0.150778
accuracy: 0.942871
----4-----
mean loss: 0.147789
accuracy: 0.946691
----0-----
----1-----
eval mean loss: 0.494183
eval accuracy: 0.874188
eval avg class acc: 0.840328
**** EPOCH 124 ****
----0-----
mean loss: 0.150822
accuracy: 0.949707
----1-----
mean loss: 0.144749
accuracy: 0.949755
----2-----
mean loss: 0.139584
accuracy: 0.945801
----3-----
mean loss: 0.145114
accuracy: 0.952148
----4-----
mean loss: 0.146377
accuracy: 0.950195
----0-----
----1-----
eval mean loss: 0.482544
eval accuracy: 0.876623
eval avg class acc: 0.843381
**** EPOCH 125 ****
----0-----
mean loss: 0.138266
accuracy: 0.948242
----1-----
mean loss: 0.124520
accuracy: 0.953613
----2-----
mean loss: 0.135268
accuracy: 0.949755
----3-----
mean loss: 0.150796
accuracy: 0.939941
----4-----
mean loss: 0.156561
accuracy: 0.947266
----0-----
----1-----
eval mean loss: 0.480173
eval accuracy: 0.881494
eval avg class acc: 0.841873
**** EPOCH 126 ****
----0-----
mean loss: 0.114195
accuracy: 0.960172
----1-----
mean loss: 0.131121
accuracy: 0.950195
----2-----
mean loss: 0.131419
accuracy: 0.954102
----3-----
mean loss: 0.139852
accuracy: 0.947266
----4-----
mean loss: 0.130970
accuracy: 0.958496
----0-----
----1-----
eval mean loss: 0.472646
eval accuracy: 0.883117
eval avg class acc: 0.848062
**** EPOCH 127 ****
----0-----
mean loss: 0.118445
accuracy: 0.955270
----1-----
mean loss: 0.131013
accuracy: 0.946777
----2-----
mean loss: 0.120670
accuracy: 0.957031
----3-----
mean loss: 0.145298
accuracy: 0.952637
----4-----
mean loss: 0.135568
accuracy: 0.948730
----0-----
----1-----
eval mean loss: 0.475736
eval accuracy: 0.883523
eval avg class acc: 0.846814
**** EPOCH 128 ****
----0-----
mean loss: 0.121680
accuracy: 0.956055
----1-----
mean loss: 0.134662
accuracy: 0.954102
----2-----
mean loss: 0.124560
accuracy: 0.953613
----3-----
mean loss: 0.140287
accuracy: 0.955882
----4-----
mean loss: 0.148932
accuracy: 0.950684
----0-----
----1-----
eval mean loss: 0.511559
eval accuracy: 0.874594
eval avg class acc: 0.839593
**** EPOCH 129 ****
----0-----
mean loss: 0.132051
accuracy: 0.950195
----1-----
mean loss: 0.131609
accuracy: 0.950980
----2-----
mean loss: 0.125098
accuracy: 0.956543
----3-----
mean loss: 0.131655
accuracy: 0.954590
----4-----
mean loss: 0.137077
accuracy: 0.953125
----0-----
----1-----
eval mean loss: 0.453736
eval accuracy: 0.886364
eval avg class acc: 0.852510
**** EPOCH 130 ****
----0-----
mean loss: 0.119777
accuracy: 0.954102
----1-----
mean loss: 0.148395
accuracy: 0.947754
----2-----
mean loss: 0.146235
accuracy: 0.944853
----3-----
mean loss: 0.148978
accuracy: 0.942871
----4-----
mean loss: 0.129828
accuracy: 0.956543
----0-----
----1-----
eval mean loss: 0.484372
eval accuracy: 0.879870
eval avg class acc: 0.839614
Model saved in file: /ghome/wangshuai/UltraNet/pointnet/log_200504/model.ckpt
**** EPOCH 131 ****
----0-----
mean loss: 0.139546
accuracy: 0.954102
----1-----
mean loss: 0.141587
accuracy: 0.949142
----2-----
mean loss: 0.129485
accuracy: 0.951660
----3-----
mean loss: 0.136020
accuracy: 0.944824
----4-----
mean loss: 0.129345
accuracy: 0.953613
----0-----
----1-----
eval mean loss: 0.481432
eval accuracy: 0.881494
eval avg class acc: 0.853790
**** EPOCH 132 ****
----0-----
mean loss: 0.116054
accuracy: 0.958984
----1-----
mean loss: 0.127623
accuracy: 0.951172
----2-----
mean loss: 0.126537
accuracy: 0.959559
----3-----
mean loss: 0.145079
accuracy: 0.945801
----4-----
mean loss: 0.118735
accuracy: 0.958008
----0-----
----1-----
eval mean loss: 0.474969
eval accuracy: 0.877841
eval avg class acc: 0.843635
**** EPOCH 133 ****
----0-----
mean loss: 0.123504
accuracy: 0.952637
----1-----
mean loss: 0.152243
accuracy: 0.945801
----2-----
mean loss: 0.132207
accuracy: 0.954102
----3-----
mean loss: 0.142374
accuracy: 0.949219
----4-----
mean loss: 0.127752
accuracy: 0.960784
----0-----
----1-----
eval mean loss: 0.476207
eval accuracy: 0.882711
eval avg class acc: 0.848083
**** EPOCH 134 ****
----0-----
mean loss: 0.132538
accuracy: 0.946777
----1-----
mean loss: 0.121788
accuracy: 0.960449
----2-----
mean loss: 0.126044
accuracy: 0.950684
----3-----
mean loss: 0.144263
accuracy: 0.946078
----4-----
mean loss: 0.124086
accuracy: 0.957520
----0-----
----1-----
eval mean loss: 0.469855
eval accuracy: 0.882305
eval avg class acc: 0.849598
**** EPOCH 135 ****
----0-----
mean loss: 0.136338
accuracy: 0.949707
----1-----
mean loss: 0.125763
accuracy: 0.953125
----2-----
mean loss: 0.128643
accuracy: 0.955078
----3-----
mean loss: 0.141842
accuracy: 0.949142
----4-----
mean loss: 0.134581
accuracy: 0.948242
----0-----
----1-----
eval mean loss: 0.509281
eval accuracy: 0.877435
eval avg class acc: 0.840929
**** EPOCH 136 ****
----0-----
mean loss: 0.131568
accuracy: 0.952637
----1-----
mean loss: 0.133061
accuracy: 0.957031
----2-----
mean loss: 0.125427
accuracy: 0.951593
----3-----
mean loss: 0.126481
accuracy: 0.950195
----4-----
mean loss: 0.125008
accuracy: 0.959473
----0-----
----1-----
eval mean loss: 0.498368
eval accuracy: 0.880276
eval avg class acc: 0.840987
**** EPOCH 137 ****
----0-----
mean loss: 0.138730
accuracy: 0.953125
----1-----
mean loss: 0.132973
accuracy: 0.951172
----2-----
mean loss: 0.117115
accuracy: 0.960938
----3-----
mean loss: 0.126203
accuracy: 0.954657
----4-----
mean loss: 0.141900
accuracy: 0.947266
----0-----
----1-----
eval mean loss: 0.509819
eval accuracy: 0.866883
eval avg class acc: 0.833789
**** EPOCH 138 ****
----0-----
mean loss: 0.134494
accuracy: 0.953125
----1-----
mean loss: 0.140612
accuracy: 0.945312
----2-----
mean loss: 0.134270
accuracy: 0.948242
----3-----
mean loss: 0.140540
accuracy: 0.949755
----4-----
mean loss: 0.118096
accuracy: 0.955566
----0-----
----1-----
eval mean loss: 0.471803
eval accuracy: 0.885146
eval avg class acc: 0.850879
**** EPOCH 139 ****
----0-----
mean loss: 0.127455
accuracy: 0.951660
----1-----
mean loss: 0.137436
accuracy: 0.948730
----2-----
mean loss: 0.117362
accuracy: 0.955882
----3-----
mean loss: 0.133396
accuracy: 0.948730
----4-----
mean loss: 0.125136
accuracy: 0.953125
----0-----
----1-----
eval mean loss: 0.490214
eval accuracy: 0.876623
eval avg class acc: 0.841851
**** EPOCH 140 ****
----0-----
mean loss: 0.128169
accuracy: 0.950980
----1-----
mean loss: 0.135583
accuracy: 0.953613
----2-----
mean loss: 0.120190
accuracy: 0.955566
----3-----
mean loss: 0.128757
accuracy: 0.957031
----4-----
mean loss: 0.139549
accuracy: 0.947266
----0-----
----1-----
eval mean loss: 0.507402
eval accuracy: 0.877029
eval avg class acc: 0.838812
Model saved in file: /ghome/wangshuai/UltraNet/pointnet/log_200504/model.ckpt
**** EPOCH 141 ****
----0-----
mean loss: 0.128195
accuracy: 0.954044
----1-----
mean loss: 0.113599
accuracy: 0.960449
----2-----
mean loss: 0.127306
accuracy: 0.951660
----3-----
mean loss: 0.136367
accuracy: 0.953613
----4-----
mean loss: 0.123710
accuracy: 0.959473
----0-----
----1-----
eval mean loss: 0.471308
eval accuracy: 0.882711
eval avg class acc: 0.849144
**** EPOCH 142 ****
----0-----
mean loss: 0.118208
accuracy: 0.961914
----1-----
mean loss: 0.131475
accuracy: 0.955566
----2-----
mean loss: 0.119231
accuracy: 0.961397
----3-----
mean loss: 0.125884
accuracy: 0.958008
----4-----
mean loss: 0.128930
accuracy: 0.958008
----0-----
----1-----
eval mean loss: 0.469378
eval accuracy: 0.883929
eval avg class acc: 0.848526
**** EPOCH 143 ****
----0-----
mean loss: 0.129507
accuracy: 0.948242
----1-----
mean loss: 0.122760
accuracy: 0.959961
----2-----
mean loss: 0.135108
accuracy: 0.952637
----3-----
mean loss: 0.110809
accuracy: 0.962402
----4-----
mean loss: 0.132816
accuracy: 0.946691
----0-----
----1-----
eval mean loss: 0.480660
eval accuracy: 0.882305
eval avg class acc: 0.845822
**** EPOCH 144 ****
----0-----
mean loss: 0.119389
accuracy: 0.958496
----1-----
mean loss: 0.132465
accuracy: 0.950684
----2-----
mean loss: 0.125945
accuracy: 0.958008
----3-----
mean loss: 0.113554
accuracy: 0.960784
----4-----
mean loss: 0.134039
accuracy: 0.950684
----0-----
----1-----
eval mean loss: 0.476082
eval accuracy: 0.880682
eval avg class acc: 0.853660
**** EPOCH 145 ****
----0-----
mean loss: 0.113332
accuracy: 0.957520
----1-----
mean loss: 0.113420
accuracy: 0.960784
----2-----
mean loss: 0.123576
accuracy: 0.953613
----3-----
mean loss: 0.186105
accuracy: 0.953613
----4-----
mean loss: 0.127502
accuracy: 0.952637
----0-----
----1-----
eval mean loss: 0.495516
eval accuracy: 0.876623
eval avg class acc: 0.843542
**** EPOCH 146 ****
----0-----
mean loss: 0.125463
accuracy: 0.955882
----1-----
mean loss: 0.120821
accuracy: 0.956543
----2-----
mean loss: 0.119166
accuracy: 0.959961
----3-----
mean loss: 0.134287
accuracy: 0.952148
----4-----
mean loss: 0.124993
accuracy: 0.958496
----0-----
----1-----
eval mean loss: 0.485064
eval accuracy: 0.880682
eval avg class acc: 0.846935
**** EPOCH 147 ****
----0-----
mean loss: 0.129305
accuracy: 0.955078
----1-----
mean loss: 0.113012
accuracy: 0.960172
----2-----
mean loss: 0.123603
accuracy: 0.950684
----3-----
mean loss: 0.113170
accuracy: 0.957031
----4-----
mean loss: 0.112905
accuracy: 0.957520
----0-----
----1-----
eval mean loss: 0.502917
eval accuracy: 0.877841
eval avg class acc: 0.839402
**** EPOCH 148 ****
----0-----
mean loss: 0.119996
accuracy: 0.955566
----1-----
mean loss: 0.122380
accuracy: 0.955566
----2-----
mean loss: 0.119848
accuracy: 0.955566
----3-----
mean loss: 0.130590
accuracy: 0.952637
----4-----
mean loss: 0.110917
accuracy: 0.960784
----0-----
----1-----
eval mean loss: 0.484675
eval accuracy: 0.880276
eval avg class acc: 0.844371
**** EPOCH 149 ****
----0-----
mean loss: 0.120343
accuracy: 0.957721
----1-----
mean loss: 0.121750
accuracy: 0.952637
----2-----
mean loss: 0.119346
accuracy: 0.957031
----3-----
mean loss: 0.119884
accuracy: 0.959473
----4-----
mean loss: 0.122685
accuracy: 0.957031
----0-----
----1-----
eval mean loss: 0.490687
eval accuracy: 0.880682
eval avg class acc: 0.845727
**** EPOCH 150 ****
----0-----
mean loss: 0.105575
accuracy: 0.961914
----1-----
mean loss: 0.128800
accuracy: 0.958496
----2-----
mean loss: 0.115101
accuracy: 0.959961
----3-----
mean loss: 0.114300
accuracy: 0.957031
----4-----
mean loss: 0.127077
accuracy: 0.952819
----0-----
----1-----
eval mean loss: 0.496853
eval accuracy: 0.875812
eval avg class acc: 0.839282
Model saved in file: /ghome/wangshuai/UltraNet/pointnet/log_200504/model.ckpt
**** EPOCH 151 ****
----0-----
mean loss: 0.109866
accuracy: 0.961397
----1-----
mean loss: 0.115794
accuracy: 0.960449
----2-----
mean loss: 0.118483
accuracy: 0.954590
----3-----
mean loss: 0.116047
accuracy: 0.957031
----4-----
mean loss: 0.114987
accuracy: 0.958984
----0-----
----1-----
eval mean loss: 0.492167
eval accuracy: 0.879870
eval avg class acc: 0.840371
**** EPOCH 152 ****
----0-----
mean loss: 0.110592
accuracy: 0.959559
----1-----
mean loss: 0.109033
accuracy: 0.958496
----2-----
mean loss: 0.105719
accuracy: 0.965820
----3-----
mean loss: 0.115814
accuracy: 0.957520
----4-----
mean loss: 0.115354
accuracy: 0.955566
----0-----
----1-----
eval mean loss: 0.483906
eval accuracy: 0.881899
eval avg class acc: 0.844781
**** EPOCH 153 ****
----0-----
mean loss: 0.118382
accuracy: 0.956495
----1-----
mean loss: 0.107907
accuracy: 0.962402
----2-----
mean loss: 0.115528
accuracy: 0.957031
----3-----
mean loss: 0.107066
accuracy: 0.961426
----4-----
mean loss: 0.112074
accuracy: 0.959473
----0-----
----1-----
eval mean loss: 0.489872
eval accuracy: 0.881088
eval avg class acc: 0.844085
**** EPOCH 154 ****
----0-----
mean loss: 0.132121
accuracy: 0.952206
----1-----
mean loss: 0.117219
accuracy: 0.958984
----2-----
mean loss: 0.107913
accuracy: 0.956543
----3-----
mean loss: 0.104882
accuracy: 0.965332
----4-----
mean loss: 0.110686
accuracy: 0.961426
----0-----
----1-----
eval mean loss: 0.492251
eval accuracy: 0.880682
eval avg class acc: 0.847608
**** EPOCH 155 ****
----0-----
mean loss: 0.125925
accuracy: 0.954590
----1-----
mean loss: 0.109713
accuracy: 0.964461
----2-----
mean loss: 0.127952
accuracy: 0.951172
----3-----
mean loss: 0.121519
accuracy: 0.956055
----4-----
mean loss: 0.130761
accuracy: 0.956055
----0-----
----1-----
eval mean loss: 0.504149
eval accuracy: 0.881494
eval avg class acc: 0.846665
**** EPOCH 156 ****
----0-----
mean loss: 0.121639
accuracy: 0.949707
----1-----
mean loss: 0.118710
accuracy: 0.956055
----2-----
mean loss: 0.100667
accuracy: 0.964844
----3-----
mean loss: 0.115670
accuracy: 0.951660
----4-----
mean loss: 0.111001
accuracy: 0.957721
----0-----
----1-----
eval mean loss: 0.487919
eval accuracy: 0.881494
eval avg class acc: 0.843996
**** EPOCH 157 ****
----0-----
mean loss: 0.113973
accuracy: 0.958008
----1-----
mean loss: 0.111621
accuracy: 0.959473
----2-----
mean loss: 0.109244
accuracy: 0.960449
----3-----
mean loss: 0.122027
accuracy: 0.954590
----4-----
mean loss: 0.106068
accuracy: 0.959559
----0-----
----1-----
eval mean loss: 0.511632
eval accuracy: 0.878653
eval avg class acc: 0.844437
**** EPOCH 158 ****
----0-----
mean loss: 0.120032
accuracy: 0.956055
----1-----
mean loss: 0.114245
accuracy: 0.957031
----2-----
mean loss: 0.114377
accuracy: 0.955078
----3-----
mean loss: 0.102604
accuracy: 0.967525
----4-----
mean loss: 0.120894
accuracy: 0.953125
----0-----
----1-----
eval mean loss: 0.500361
eval accuracy: 0.875812
eval avg class acc: 0.842385
**** EPOCH 159 ****
----0-----
mean loss: 0.115135
accuracy: 0.958008
----1-----
mean loss: 0.111172
accuracy: 0.963379
----2-----
mean loss: 0.107305
accuracy: 0.959961
----3-----
mean loss: 0.119062
accuracy: 0.958496
----4-----
mean loss: 0.114390
accuracy: 0.958333
----0-----
----1-----
eval mean loss: 0.503797
eval accuracy: 0.882305
eval avg class acc: 0.846048
**** EPOCH 160 ****
----0-----
mean loss: 0.106900
accuracy: 0.961426
----1-----
mean loss: 0.114881
accuracy: 0.958984
----2-----
mean loss: 0.121147
accuracy: 0.953431
----3-----
mean loss: 0.119493
accuracy: 0.957520
----4-----
mean loss: 0.103629
accuracy: 0.962891
----0-----
----1-----
eval mean loss: 0.499572
eval accuracy: 0.880276
eval avg class acc: 0.850214
Model saved in file: /ghome/wangshuai/UltraNet/pointnet/log_200504/model.ckpt
**** EPOCH 161 ****
----0-----
mean loss: 0.133289
accuracy: 0.954657
----1-----
mean loss: 0.123566
accuracy: 0.954590
----2-----
mean loss: 0.119227
accuracy: 0.957031
----3-----
mean loss: 0.111770
accuracy: 0.959473
----4-----
mean loss: 0.114579
accuracy: 0.959473
----0-----
----1-----
eval mean loss: 0.490559
eval accuracy: 0.881088
eval avg class acc: 0.842067
**** EPOCH 162 ****
----0-----
mean loss: 0.120672
accuracy: 0.951660
----1-----
mean loss: 0.107864
accuracy: 0.960784
----2-----
mean loss: 0.133015
accuracy: 0.948730
----3-----
mean loss: 0.112630
accuracy: 0.956055
----4-----
mean loss: 0.115463
accuracy: 0.959961
----0-----
----1-----
eval mean loss: 0.488544
eval accuracy: 0.884740
eval avg class acc: 0.848746
**** EPOCH 163 ****
----0-----
mean loss: 0.113311
accuracy: 0.959961
----1-----
mean loss: 0.109016
accuracy: 0.958008
----2-----
mean loss: 0.110075
accuracy: 0.958496
----3-----
mean loss: 0.117694
accuracy: 0.958008
----4-----
mean loss: 0.109793
accuracy: 0.958333
----0-----
----1-----
eval mean loss: 0.478696
eval accuracy: 0.885146
eval avg class acc: 0.850368
**** EPOCH 164 ****
----0-----
mean loss: 0.108841
accuracy: 0.963379
----1-----
mean loss: 0.123663
accuracy: 0.957520
----2-----
mean loss: 0.110735
accuracy: 0.959961
----3-----
mean loss: 0.110959
accuracy: 0.957108
----4-----
mean loss: 0.107213
accuracy: 0.961914
----0-----
----1-----
eval mean loss: 0.490155
eval accuracy: 0.883929
eval avg class acc: 0.845615
**** EPOCH 165 ****
----0-----
mean loss: 0.109138
accuracy: 0.957031
----1-----
mean loss: 0.106170
accuracy: 0.961426
----2-----
mean loss: 0.115621
accuracy: 0.959473
----3-----
mean loss: 0.114311
accuracy: 0.962623
----4-----
mean loss: 0.110505
accuracy: 0.960449
----0-----
----1-----
eval mean loss: 0.506061
eval accuracy: 0.883117
eval avg class acc: 0.843365
**** EPOCH 166 ****
----0-----
mean loss: 0.099551
accuracy: 0.964844
----1-----
mean loss: 0.108594
accuracy: 0.962402
----2-----
mean loss: 0.106205
accuracy: 0.964844
----3-----
mean loss: 0.096080
accuracy: 0.961914
----4-----
mean loss: 0.105723
accuracy: 0.960784
----0-----
----1-----
eval mean loss: 0.494935
eval accuracy: 0.884334
eval avg class acc: 0.848067
**** EPOCH 167 ****
----0-----
mean loss: 0.117736
accuracy: 0.957520
----1-----
mean loss: 0.103475
accuracy: 0.965332
----2-----
mean loss: 0.114069
accuracy: 0.957721
----3-----
mean loss: 0.107501
accuracy: 0.967773
----4-----
mean loss: 0.112771
accuracy: 0.956543
----0-----
----1-----
eval mean loss: 0.484004
eval accuracy: 0.881899
eval avg class acc: 0.846529
**** EPOCH 168 ****
----0-----
mean loss: 0.108801
accuracy: 0.963867
----1-----
mean loss: 0.104573
accuracy: 0.964461
----2-----
mean loss: 0.102212
accuracy: 0.962891
----3-----
mean loss: 0.111160
accuracy: 0.955078
----4-----
mean loss: 0.108139
accuracy: 0.961426
----0-----
----1-----
eval mean loss: 0.488068
eval accuracy: 0.885146
eval avg class acc: 0.852784
**** EPOCH 169 ****
----0-----
mean loss: 0.110506
accuracy: 0.958984
----1-----
mean loss: 0.102658
accuracy: 0.964844
----2-----
mean loss: 0.107995
accuracy: 0.958946
----3-----
mean loss: 0.108457
accuracy: 0.957520
----4-----
mean loss: 0.115154
accuracy: 0.959473
----0-----
----1-----
eval mean loss: 0.503028
eval accuracy: 0.881494
eval avg class acc: 0.847141
**** EPOCH 170 ****
----0-----
mean loss: 0.099582
accuracy: 0.964355
----1-----
mean loss: 0.109243
accuracy: 0.960449
----2-----
mean loss: 0.105813
accuracy: 0.962010
----3-----
mean loss: 0.107351
accuracy: 0.960449
----4-----
mean loss: 0.105709
accuracy: 0.958984
----0-----
----1-----
eval mean loss: 0.485030
eval accuracy: 0.882305
eval avg class acc: 0.845122
Model saved in file: /ghome/wangshuai/UltraNet/pointnet/log_200504/model.ckpt
**** EPOCH 171 ****
----0-----
mean loss: 0.097213
accuracy: 0.965332
----1-----
mean loss: 0.115128
accuracy: 0.958946
----2-----
mean loss: 0.109964
accuracy: 0.961914
----3-----
mean loss: 0.099685
accuracy: 0.962891
----4-----
mean loss: 0.110038
accuracy: 0.964355
----0-----
----1-----
eval mean loss: 0.491256
eval accuracy: 0.882305
eval avg class acc: 0.848678
**** EPOCH 172 ****
----0-----
mean loss: 0.104665
accuracy: 0.959473
----1-----
mean loss: 0.103110
accuracy: 0.961914
----2-----
mean loss: 0.107554
accuracy: 0.957520
----3-----
mean loss: 0.109360
accuracy: 0.961914
----4-----
mean loss: 0.096843
accuracy: 0.961397
----0-----
----1-----
eval mean loss: 0.495590
eval accuracy: 0.881899
eval avg class acc: 0.843523
**** EPOCH 173 ****
----0-----
mean loss: 0.106634
accuracy: 0.961426
----1-----
mean loss: 0.106067
accuracy: 0.963235
----2-----
mean loss: 0.108414
accuracy: 0.956543
----3-----
mean loss: 0.096387
accuracy: 0.966797
----4-----
mean loss: 0.098568
accuracy: 0.966797
----0-----
----1-----
eval mean loss: 0.488390
eval accuracy: 0.884740
eval avg class acc: 0.850782
**** EPOCH 174 ****
----0-----
mean loss: 0.111374
accuracy: 0.959961
----1-----
mean loss: 0.106056
accuracy: 0.958496
----2-----
mean loss: 0.101711
accuracy: 0.965074
----3-----
mean loss: 0.102619
accuracy: 0.962402
----4-----
mean loss: 0.103238
accuracy: 0.963379
----0-----
----1-----
eval mean loss: 0.484722
eval accuracy: 0.885958
eval avg class acc: 0.853156
**** EPOCH 175 ****
----0-----
mean loss: 0.126376
accuracy: 0.954657
----1-----
mean loss: 0.102412
accuracy: 0.964355
----2-----
mean loss: 0.106397
accuracy: 0.958496
----3-----
mean loss: 0.102368
accuracy: 0.962891
----4-----
mean loss: 0.103374
accuracy: 0.960938
----0-----
----1-----
eval mean loss: 0.488713
eval accuracy: 0.888799
eval avg class acc: 0.858794
**** EPOCH 176 ****
----0-----
mean loss: 0.109771
accuracy: 0.961914
----1-----
mean loss: 0.104415
accuracy: 0.964844
----2-----
mean loss: 0.116213
accuracy: 0.957520
----3-----
mean loss: 0.101982
accuracy: 0.964355
----4-----
mean loss: 0.109690
accuracy: 0.964461
----0-----
----1-----
eval mean loss: 0.495362
eval accuracy: 0.885958
eval avg class acc: 0.850786
**** EPOCH 177 ****
----0-----
mean loss: 0.093930
accuracy: 0.966309
----1-----
mean loss: 0.093071
accuracy: 0.969238
----2-----
mean loss: 0.106367
accuracy: 0.961397
----3-----
mean loss: 0.109213
accuracy: 0.963867
----4-----
mean loss: 0.107555
accuracy: 0.959473
----0-----
----1-----
eval mean loss: 0.501578
eval accuracy: 0.888393
eval avg class acc: 0.856376
**** EPOCH 178 ****
----0-----
mean loss: 0.117774
accuracy: 0.957520
----1-----
mean loss: 0.118450
accuracy: 0.958333
----2-----
mean loss: 0.097596
accuracy: 0.967773
----3-----
mean loss: 0.108543
accuracy: 0.962891
----4-----
mean loss: 0.104030
accuracy: 0.960449
----0-----
----1-----
eval mean loss: 0.500540
eval accuracy: 0.883523
eval avg class acc: 0.850368
**** EPOCH 179 ****
----0-----
mean loss: 0.101087
accuracy: 0.964844
----1-----
mean loss: 0.093745
accuracy: 0.968750
----2-----
mean loss: 0.097876
accuracy: 0.965074
----3-----
mean loss: 0.099448
accuracy: 0.965332
----4-----
mean loss: 0.102126
accuracy: 0.960938
----0-----
----1-----
eval mean loss: 0.513733
eval accuracy: 0.883117
eval avg class acc: 0.845121
**** EPOCH 180 ****
----0-----
mean loss: 0.100512
accuracy: 0.964355
----1-----
mean loss: 0.108975
accuracy: 0.959961
----2-----
mean loss: 0.114049
accuracy: 0.961914
----3-----
mean loss: 0.108339
accuracy: 0.962402
----4-----
mean loss: 0.095851
accuracy: 0.961397
----0-----
----1-----
eval mean loss: 0.498090
eval accuracy: 0.884334
eval avg class acc: 0.853853
Model saved in file: /ghome/wangshuai/UltraNet/pointnet/log_200504/model.ckpt
**** EPOCH 181 ****
----0-----
mean loss: 0.111063
accuracy: 0.957031
----1-----
mean loss: 0.090801
accuracy: 0.964844
----2-----
mean loss: 0.111134
accuracy: 0.957520
----3-----
mean loss: 0.109637
accuracy: 0.958984
----4-----
mean loss: 0.098956
accuracy: 0.966299
----0-----
----1-----
eval mean loss: 0.496353
eval accuracy: 0.889610
eval avg class acc: 0.859268
**** EPOCH 182 ****
----0-----
mean loss: 0.098369
accuracy: 0.963848
----1-----
mean loss: 0.096825
accuracy: 0.963867
----2-----
mean loss: 0.101692
accuracy: 0.963379
----3-----
mean loss: 0.102073
accuracy: 0.962402
----4-----
mean loss: 0.102944
accuracy: 0.961914
----0-----
----1-----
eval mean loss: 0.499316
eval accuracy: 0.885958
eval avg class acc: 0.854860
**** EPOCH 183 ****
----0-----
mean loss: 0.099046
accuracy: 0.963379
----1-----
mean loss: 0.093117
accuracy: 0.966309
----2-----
mean loss: 0.104689
accuracy: 0.961914
----3-----
mean loss: 0.110947
accuracy: 0.961426
----4-----
mean loss: 0.099441
accuracy: 0.959559
----0-----
----1-----
eval mean loss: 0.503971
eval accuracy: 0.887175
eval avg class acc: 0.859409
**** EPOCH 184 ****
----0-----
mean loss: 0.106096
accuracy: 0.964844
----1-----
mean loss: 0.093749
accuracy: 0.965820
----2-----
mean loss: 0.102772
accuracy: 0.961397
----3-----
mean loss: 0.103416
accuracy: 0.962891
----4-----
mean loss: 0.094704
accuracy: 0.966797
----0-----
----1-----
eval mean loss: 0.497922
eval accuracy: 0.890828
eval avg class acc: 0.858607
**** EPOCH 185 ****
----0-----
mean loss: 0.089528
accuracy: 0.966299
----1-----
mean loss: 0.092182
accuracy: 0.966797
----2-----
mean loss: 0.100741
accuracy: 0.962402
----3-----
mean loss: 0.106403
accuracy: 0.959473
----4-----
mean loss: 0.114294
accuracy: 0.961914
----0-----
----1-----
eval mean loss: 0.492681
eval accuracy: 0.887175
eval avg class acc: 0.849653
**** EPOCH 186 ****
----0-----
mean loss: 0.096372
accuracy: 0.965074
----1-----
mean loss: 0.100547
accuracy: 0.961426
----2-----
mean loss: 0.097470
accuracy: 0.965820
----3-----
mean loss: 0.103310
accuracy: 0.958984
----4-----
mean loss: 0.097646
accuracy: 0.962891
----0-----
----1-----
eval mean loss: 0.503750
eval accuracy: 0.887987
eval avg class acc: 0.851158
**** EPOCH 187 ****
----0-----
mean loss: 0.087184
accuracy: 0.968750
----1-----
mean loss: 0.097049
accuracy: 0.967285
----2-----
mean loss: 0.100385
accuracy: 0.965820
----3-----
mean loss: 0.106821
accuracy: 0.962402
----4-----
mean loss: 0.092514
accuracy: 0.967285
----0-----
----1-----
eval mean loss: 0.494964
eval accuracy: 0.884334
eval avg class acc: 0.846700
**** EPOCH 188 ****
----0-----
mean loss: 0.096854
accuracy: 0.967285
----1-----
mean loss: 0.099105
accuracy: 0.961914
----2-----
mean loss: 0.095297
accuracy: 0.965074
----3-----
mean loss: 0.092710
accuracy: 0.966797
----4-----
mean loss: 0.103050
accuracy: 0.960449
----0-----
----1-----
eval mean loss: 0.502181
eval accuracy: 0.887175
eval avg class acc: 0.851452
**** EPOCH 189 ****
----0-----
mean loss: 0.096754
accuracy: 0.961914
----1-----
mean loss: 0.097904
accuracy: 0.966309
----2-----
mean loss: 0.103801
accuracy: 0.965074
----3-----
mean loss: 0.102601
accuracy: 0.961914
----4-----
mean loss: 0.113053
accuracy: 0.961914
----0-----
----1-----
eval mean loss: 0.496410
eval accuracy: 0.887987
eval avg class acc: 0.853156
**** EPOCH 190 ****
----0-----
mean loss: 0.088359
accuracy: 0.962891
----1-----
mean loss: 0.107039
accuracy: 0.969727
----2-----
mean loss: 0.096897
accuracy: 0.966309
----3-----
mean loss: 0.103008
accuracy: 0.960784
----4-----
mean loss: 0.103351
accuracy: 0.962402
----0-----
----1-----
eval mean loss: 0.500669
eval accuracy: 0.889610
eval avg class acc: 0.854821
Model saved in file: /ghome/wangshuai/UltraNet/pointnet/log_200504/model.ckpt
**** EPOCH 191 ****
----0-----
mean loss: 0.104262
accuracy: 0.961397
----1-----
mean loss: 0.092094
accuracy: 0.965820
----2-----
mean loss: 0.097921
accuracy: 0.963379
----3-----
mean loss: 0.101733
accuracy: 0.964355
----4-----
mean loss: 0.104778
accuracy: 0.964844
----0-----
----1-----
eval mean loss: 0.512169
eval accuracy: 0.883929
eval avg class acc: 0.852600
**** EPOCH 192 ****
----0-----
mean loss: 0.093028
accuracy: 0.968262
----1-----
mean loss: 0.094813
accuracy: 0.965686
----2-----
mean loss: 0.096912
accuracy: 0.963867
----3-----
mean loss: 0.110248
accuracy: 0.958008
----4-----
mean loss: 0.108434
accuracy: 0.963867
----0-----
----1-----
eval mean loss: 0.512202
eval accuracy: 0.883929
eval avg class acc: 0.846623
**** EPOCH 193 ****
----0-----
mean loss: 0.103083
accuracy: 0.962402
----1-----
mean loss: 0.112907
accuracy: 0.959473
----2-----
mean loss: 0.104396
accuracy: 0.962891
----3-----
mean loss: 0.107396
accuracy: 0.963235
----4-----
mean loss: 0.103020
accuracy: 0.962891
----0-----
----1-----
eval mean loss: 0.499680
eval accuracy: 0.888799
eval avg class acc: 0.859780
**** EPOCH 194 ****
----0-----
mean loss: 0.089519
accuracy: 0.966797
----1-----
mean loss: 0.106617
accuracy: 0.957721
----2-----
mean loss: 0.095093
accuracy: 0.963867
----3-----
mean loss: 0.096858
accuracy: 0.965820
----4-----
mean loss: 0.091705
accuracy: 0.972656
----0-----
----1-----
eval mean loss: 0.494604
eval accuracy: 0.889205
eval avg class acc: 0.856939
**** EPOCH 195 ****
----0-----
mean loss: 0.090844
accuracy: 0.966912
----1-----
mean loss: 0.094461
accuracy: 0.966797
----2-----
mean loss: 0.092897
accuracy: 0.968262
----3-----
mean loss: 0.083292
accuracy: 0.969727
----4-----
mean loss: 0.095522
accuracy: 0.967285
----0-----
----1-----
eval mean loss: 0.497320
eval accuracy: 0.887175
eval avg class acc: 0.853740
**** EPOCH 196 ****
----0-----
mean loss: 0.086651
accuracy: 0.968262
----1-----
mean loss: 0.109148
accuracy: 0.963867
----2-----
mean loss: 0.096072
accuracy: 0.967285
----3-----
mean loss: 0.101655
accuracy: 0.957108
----4-----
mean loss: 0.094414
accuracy: 0.968750
----0-----
----1-----
eval mean loss: 0.507014
eval accuracy: 0.883523
eval avg class acc: 0.844694
**** EPOCH 197 ****
----0-----
mean loss: 0.095926
accuracy: 0.966797
----1-----
mean loss: 0.089510
accuracy: 0.968750
----2-----
mean loss: 0.098122
accuracy: 0.966797
----3-----
mean loss: 0.093911
accuracy: 0.967285
----4-----
mean loss: 0.100494
accuracy: 0.958946
----0-----
----1-----
eval mean loss: 0.504280
eval accuracy: 0.878653
eval avg class acc: 0.844488
**** EPOCH 198 ****
----0-----
mean loss: 0.088903
accuracy: 0.967773
----1-----
mean loss: 0.102095
accuracy: 0.959473
----2-----
mean loss: 0.105672
accuracy: 0.958946
----3-----
mean loss: 0.093241
accuracy: 0.965820
----4-----
mean loss: 0.102617
accuracy: 0.960449
----0-----
----1-----
eval mean loss: 0.504416
eval accuracy: 0.886364
eval avg class acc: 0.855031
**** EPOCH 199 ****
----0-----
mean loss: 0.101017
accuracy: 0.966309
----1-----
mean loss: 0.088781
accuracy: 0.966797
----2-----
mean loss: 0.110156
accuracy: 0.952148
----3-----
mean loss: 0.107498
accuracy: 0.963379
----4-----
mean loss: 0.104403
accuracy: 0.960172
----0-----
----1-----
eval mean loss: 0.492071
eval accuracy: 0.888393
eval avg class acc: 0.854613
**** EPOCH 200 ****
----0-----
mean loss: 0.096096
accuracy: 0.960172
----1-----
mean loss: 0.091716
accuracy: 0.965820
----2-----
mean loss: 0.093805
accuracy: 0.965820
----3-----
mean loss: 0.106031
accuracy: 0.960938
----4-----
mean loss: 0.093151
accuracy: 0.962402
----0-----
----1-----
eval mean loss: 0.506716
eval accuracy: 0.882305
eval avg class acc: 0.847611
Model saved in file: /ghome/wangshuai/UltraNet/pointnet/log_200504/model.ckpt
**** EPOCH 201 ****
----0-----
mean loss: 0.086857
accuracy: 0.969238
----1-----
mean loss: 0.096619
accuracy: 0.965686
----2-----
mean loss: 0.111344
accuracy: 0.960449
----3-----
mean loss: 0.088796
accuracy: 0.966797
----4-----
mean loss: 0.091073
accuracy: 0.969727
----0-----
----1-----
eval mean loss: 0.515117
eval accuracy: 0.883523
eval avg class acc: 0.853396
**** EPOCH 202 ****
----0-----
mean loss: 0.098684
accuracy: 0.965332
----1-----
mean loss: 0.096354
accuracy: 0.966299
----2-----
mean loss: 0.099254
accuracy: 0.968262
----3-----
mean loss: 0.097268
accuracy: 0.964355
----4-----
mean loss: 0.094254
accuracy: 0.963379
----0-----
----1-----
eval mean loss: 0.512454
eval accuracy: 0.888393
eval avg class acc: 0.857859
**** EPOCH 203 ****
----0-----
mean loss: 0.094134
accuracy: 0.962891
----1-----
mean loss: 0.091223
accuracy: 0.967525
----2-----
mean loss: 0.088443
accuracy: 0.966797
----3-----
mean loss: 0.105545
accuracy: 0.961426
----4-----
mean loss: 0.097841
accuracy: 0.963867
----0-----
----1-----
eval mean loss: 0.508604
eval accuracy: 0.882305
eval avg class acc: 0.850366
**** EPOCH 204 ****
----0-----
mean loss: 0.087540
accuracy: 0.966299
----1-----
mean loss: 0.112119
accuracy: 0.957520
----2-----
mean loss: 0.087951
accuracy: 0.967285
----3-----
mean loss: 0.092247
accuracy: 0.964355
----4-----
mean loss: 0.092315
accuracy: 0.965820
----0-----
----1-----
eval mean loss: 0.508979
eval accuracy: 0.882305
eval avg class acc: 0.847526
**** EPOCH 205 ****
----0-----
mean loss: 0.089992
accuracy: 0.966797
----1-----
mean loss: 0.088751
accuracy: 0.969238
----2-----
mean loss: 0.097294
accuracy: 0.963379
----3-----
mean loss: 0.107217
accuracy: 0.961426
----4-----
mean loss: 0.094258
accuracy: 0.968750
----0-----
----1-----
eval mean loss: 0.502385
eval accuracy: 0.886769
eval avg class acc: 0.856700
**** EPOCH 206 ****
----0-----
mean loss: 0.093754
accuracy: 0.963867
----1-----
mean loss: 0.094931
accuracy: 0.967285
----2-----
mean loss: 0.093499
accuracy: 0.962623
----3-----
mean loss: 0.085248
accuracy: 0.968262
----4-----
mean loss: 0.090596
accuracy: 0.966309
----0-----
----1-----
eval mean loss: 0.509104
eval accuracy: 0.884740
eval avg class acc: 0.845485
**** EPOCH 207 ****
----0-----
mean loss: 0.099165
accuracy: 0.965332
----1-----
mean loss: 0.088507
accuracy: 0.972656
----2-----
mean loss: 0.090616
accuracy: 0.968137
----3-----
mean loss: 0.103994
accuracy: 0.959961
----4-----
mean loss: 0.090510
accuracy: 0.966797
----0-----
----1-----
eval mean loss: 0.499371
eval accuracy: 0.887175
eval avg class acc: 0.853982
**** EPOCH 208 ****
----0-----
mean loss: 0.096705
accuracy: 0.965820
----1-----
mean loss: 0.085404
accuracy: 0.969975
----2-----
mean loss: 0.091544
accuracy: 0.962891
----3-----
mean loss: 0.094928
accuracy: 0.965820
----4-----
mean loss: 0.097037
accuracy: 0.965820
----0-----
----1-----
eval mean loss: 0.505055
eval accuracy: 0.885146
eval avg class acc: 0.853618
**** EPOCH 209 ****
----0-----
mean loss: 0.088062
accuracy: 0.970215
----1-----
mean loss: 0.097578
accuracy: 0.965074
----2-----
mean loss: 0.089062
accuracy: 0.969238
----3-----
mean loss: 0.098765
accuracy: 0.963379
----4-----
mean loss: 0.101920
accuracy: 0.959961
----0-----
----1-----
eval mean loss: 0.514263
eval accuracy: 0.880682
eval avg class acc: 0.846744
**** EPOCH 210 ****
----0-----
mean loss: 0.099567
accuracy: 0.968750
----1-----
mean loss: 0.096181
accuracy: 0.964355
----2-----
mean loss: 0.089239
accuracy: 0.966797
----3-----
mean loss: 0.101452
accuracy: 0.959559
----4-----
mean loss: 0.086525
accuracy: 0.972168
----0-----
----1-----
eval mean loss: 0.514504
eval accuracy: 0.883929
eval avg class acc: 0.849074
Model saved in file: /ghome/wangshuai/UltraNet/pointnet/log_200504/model.ckpt
**** EPOCH 211 ****
----0-----
mean loss: 0.100624
accuracy: 0.963867
----1-----
mean loss: 0.096771
accuracy: 0.964844
----2-----
mean loss: 0.098537
accuracy: 0.963867
----3-----
mean loss: 0.089501
accuracy: 0.966912
----4-----
mean loss: 0.103248
accuracy: 0.961914
----0-----
----1-----
eval mean loss: 0.512068
eval accuracy: 0.884334
eval avg class acc: 0.848817
**** EPOCH 212 ****
----0-----
mean loss: 0.098129
accuracy: 0.962891
----1-----
mean loss: 0.097403
accuracy: 0.965332
----2-----
mean loss: 0.086685
accuracy: 0.972168
----3-----
mean loss: 0.092455
accuracy: 0.965074
----4-----
mean loss: 0.088171
accuracy: 0.968262
----0-----
----1-----
eval mean loss: 0.504795
eval accuracy: 0.886364
eval avg class acc: 0.854610
**** EPOCH 213 ****
----0-----
mean loss: 0.089232
accuracy: 0.972168
----1-----
mean loss: 0.093576
accuracy: 0.964844
----2-----
mean loss: 0.098875
accuracy: 0.961914
----3-----
mean loss: 0.098110
accuracy: 0.965686
----4-----
mean loss: 0.094818
accuracy: 0.962891
----0-----
----1-----
eval mean loss: 0.503395
eval accuracy: 0.886364
eval avg class acc: 0.853232
**** EPOCH 214 ****
----0-----
mean loss: 0.103117
accuracy: 0.962402
----1-----
mean loss: 0.096772
accuracy: 0.964355
----2-----
mean loss: 0.099628
accuracy: 0.966299
----3-----
mean loss: 0.088155
accuracy: 0.967773
----4-----
mean loss: 0.096206
accuracy: 0.963867
----0-----
----1-----
eval mean loss: 0.499457
eval accuracy: 0.886364
eval avg class acc: 0.855694
**** EPOCH 215 ****
----0-----
mean loss: 0.105093
accuracy: 0.959473
----1-----
mean loss: 0.092951
accuracy: 0.964461
----2-----
mean loss: 0.092631
accuracy: 0.967773
----3-----
mean loss: 0.103229
accuracy: 0.964355
----4-----
mean loss: 0.102350
accuracy: 0.962402
----0-----
----1-----
eval mean loss: 0.503522
eval accuracy: 0.882711
eval avg class acc: 0.850771
**** EPOCH 216 ****
----0-----
mean loss: 0.095138
accuracy: 0.963867
----1-----
mean loss: 0.087925
accuracy: 0.969363
----2-----
mean loss: 0.084064
accuracy: 0.969238
----3-----
mean loss: 0.096080
accuracy: 0.968750
----4-----
mean loss: 0.089826
accuracy: 0.967773
----0-----
----1-----
eval mean loss: 0.507944
eval accuracy: 0.884740
eval avg class acc: 0.850352
**** EPOCH 217 ****
----0-----
mean loss: 0.095065
accuracy: 0.961397
----1-----
mean loss: 0.097785
accuracy: 0.966309
----2-----
mean loss: 0.103187
accuracy: 0.959961
----3-----
mean loss: 0.097593
accuracy: 0.966309
----4-----
mean loss: 0.085201
accuracy: 0.970215
----0-----
----1-----
eval mean loss: 0.515303
eval accuracy: 0.885146
eval avg class acc: 0.850936
**** EPOCH 218 ****
----0-----
mean loss: 0.091559
accuracy: 0.966299
----1-----
mean loss: 0.092813
accuracy: 0.965820
----2-----
mean loss: 0.103080
accuracy: 0.961426
----3-----
mean loss: 0.093573
accuracy: 0.967773
----4-----
mean loss: 0.096410
accuracy: 0.965820
----0-----
----1-----
eval mean loss: 0.513555
eval accuracy: 0.882305
eval avg class acc: 0.848064
**** EPOCH 219 ****
----0-----
mean loss: 0.094409
accuracy: 0.965332
----1-----
mean loss: 0.096017
accuracy: 0.966299
----2-----
mean loss: 0.101542
accuracy: 0.959961
----3-----
mean loss: 0.084645
accuracy: 0.967285
----4-----
mean loss: 0.079839
accuracy: 0.969727
----0-----
----1-----
eval mean loss: 0.520714
eval accuracy: 0.883523
eval avg class acc: 0.852276
**** EPOCH 220 ****
----0-----
mean loss: 0.090711
accuracy: 0.966797
----1-----
mean loss: 0.086887
accuracy: 0.969238
----2-----
mean loss: 0.090945
accuracy: 0.965332
----3-----
mean loss: 0.089579
accuracy: 0.968750
----4-----
mean loss: 0.092359
accuracy: 0.965332
----0-----
----1-----
eval mean loss: 0.508673
eval accuracy: 0.882305
eval avg class acc: 0.844781
Model saved in file: /ghome/wangshuai/UltraNet/pointnet/log_200504/model.ckpt
**** EPOCH 221 ****
----0-----
mean loss: 0.082614
accuracy: 0.969363
----1-----
mean loss: 0.081127
accuracy: 0.972656
----2-----
mean loss: 0.094029
accuracy: 0.963867
----3-----
mean loss: 0.100898
accuracy: 0.966309
----4-----
mean loss: 0.100385
accuracy: 0.965332
----0-----
----1-----
eval mean loss: 0.500153
eval accuracy: 0.888393
eval avg class acc: 0.853610
**** EPOCH 222 ****
----0-----
mean loss: 0.088600
accuracy: 0.969238
----1-----
mean loss: 0.080344
accuracy: 0.971680
----2-----
mean loss: 0.116732
accuracy: 0.960172
----3-----
mean loss: 0.089817
accuracy: 0.966309
----4-----
mean loss: 0.098784
accuracy: 0.966309
----0-----
----1-----
eval mean loss: 0.500644
eval accuracy: 0.885552
eval avg class acc: 0.854942
**** EPOCH 223 ****
----0-----
mean loss: 0.085044
accuracy: 0.970215
----1-----
mean loss: 0.087441
accuracy: 0.965820
----2-----
mean loss: 0.083412
accuracy: 0.969975
----3-----
mean loss: 0.100165
accuracy: 0.964355
----4-----
mean loss: 0.086461
accuracy: 0.966797
----0-----
----1-----
eval mean loss: 0.504969
eval accuracy: 0.884334
eval avg class acc: 0.852021
**** EPOCH 224 ****
----0-----
mean loss: 0.086945
accuracy: 0.968750
----1-----
mean loss: 0.084904
accuracy: 0.968750
----2-----
mean loss: 0.089758
accuracy: 0.967285
----3-----
mean loss: 0.095257
accuracy: 0.964355
----4-----
mean loss: 0.084731
accuracy: 0.971680
----0-----
----1-----
eval mean loss: 0.506258
eval accuracy: 0.885146
eval avg class acc: 0.849529
**** EPOCH 225 ****
----0-----
mean loss: 0.082243
accuracy: 0.970703
----1-----
mean loss: 0.087549
accuracy: 0.970703
----2-----
mean loss: 0.105421
accuracy: 0.965332
----3-----
mean loss: 0.090601
accuracy: 0.967285
----4-----
mean loss: 0.090152
accuracy: 0.966912
----0-----
----1-----
eval mean loss: 0.498483
eval accuracy: 0.887987
eval avg class acc: 0.855732
**** EPOCH 226 ****
----0-----
mean loss: 0.089279
accuracy: 0.967773
----1-----
mean loss: 0.079670
accuracy: 0.973145
----2-----
mean loss: 0.090724
accuracy: 0.963867
----3-----
mean loss: 0.097658
accuracy: 0.963848
----4-----
mean loss: 0.082361
accuracy: 0.971191
----0-----
----1-----
eval mean loss: 0.504968
eval accuracy: 0.887581
eval avg class acc: 0.856276
**** EPOCH 227 ****
----0-----
mean loss: 0.089935
accuracy: 0.972656
----1-----
mean loss: 0.084995
accuracy: 0.971191
----2-----
mean loss: 0.090973
accuracy: 0.965686
----3-----
mean loss: 0.093452
accuracy: 0.963867
----4-----
mean loss: 0.096882
accuracy: 0.967285
----0-----
----1-----
eval mean loss: 0.506222
eval accuracy: 0.886769
eval avg class acc: 0.854939
**** EPOCH 228 ****
----0-----
mean loss: 0.091596
accuracy: 0.968262
----1-----
mean loss: 0.093491
accuracy: 0.965074
----2-----
mean loss: 0.087956
accuracy: 0.970703
----3-----
mean loss: 0.089983
accuracy: 0.966797
----4-----
mean loss: 0.084086
accuracy: 0.969238
----0-----
----1-----
eval mean loss: 0.508547
eval accuracy: 0.887987
eval avg class acc: 0.854691
**** EPOCH 229 ****
----0-----
mean loss: 0.092770
accuracy: 0.970588
----1-----
mean loss: 0.086824
accuracy: 0.966309
----2-----
mean loss: 0.101817
accuracy: 0.967773
----3-----
mean loss: 0.084700
accuracy: 0.968262
----4-----
mean loss: 0.090508
accuracy: 0.968262
----0-----
----1-----
eval mean loss: 0.513027
eval accuracy: 0.885552
eval avg class acc: 0.851406
**** EPOCH 230 ****
----0-----
mean loss: 0.083759
accuracy: 0.971680
----1-----
mean loss: 0.097076
accuracy: 0.961426
----2-----
mean loss: 0.090264
accuracy: 0.972168
----3-----
mean loss: 0.086347
accuracy: 0.966299
----4-----
mean loss: 0.095846
accuracy: 0.965820
----0-----
----1-----
eval mean loss: 0.502647
eval accuracy: 0.887175
eval avg class acc: 0.850786
Model saved in file: /ghome/wangshuai/UltraNet/pointnet/log_200504/model.ckpt
**** EPOCH 231 ****
----0-----
mean loss: 0.094203
accuracy: 0.963848
----1-----
mean loss: 0.084011
accuracy: 0.971680
----2-----
mean loss: 0.096558
accuracy: 0.967285
----3-----
mean loss: 0.091078
accuracy: 0.969238
----4-----
mean loss: 0.091963
accuracy: 0.967773
----0-----
----1-----
eval mean loss: 0.509627
eval accuracy: 0.886364
eval avg class acc: 0.854074
**** EPOCH 232 ****
----0-----
mean loss: 0.092683
accuracy: 0.965074
----1-----
mean loss: 0.091449
accuracy: 0.965820
----2-----
mean loss: 0.098695
accuracy: 0.965332
----3-----
mean loss: 0.096381
accuracy: 0.962891
----4-----
mean loss: 0.085357
accuracy: 0.969727
----0-----
----1-----
eval mean loss: 0.507230
eval accuracy: 0.888393
eval avg class acc: 0.856327
**** EPOCH 233 ****
----0-----
mean loss: 0.079837
accuracy: 0.973633
----1-----
mean loss: 0.087438
accuracy: 0.965820
----2-----
mean loss: 0.094498
accuracy: 0.968262
----3-----
mean loss: 0.095099
accuracy: 0.963848
----4-----
mean loss: 0.088823
accuracy: 0.969238
----0-----
----1-----
eval mean loss: 0.503232
eval accuracy: 0.888393
eval avg class acc: 0.854577
**** EPOCH 234 ****
----0-----
mean loss: 0.085595
accuracy: 0.966309
----1-----
mean loss: 0.082823
accuracy: 0.973145
----2-----
mean loss: 0.103833
accuracy: 0.961914
----3-----
mean loss: 0.088833
accuracy: 0.963848
----4-----
mean loss: 0.088668
accuracy: 0.970215
----0-----
----1-----
eval mean loss: 0.506317
eval accuracy: 0.887175
eval avg class acc: 0.856819
**** EPOCH 235 ****
----0-----
mean loss: 0.089988
accuracy: 0.963848
----1-----
mean loss: 0.088786
accuracy: 0.967773
----2-----
mean loss: 0.080292
accuracy: 0.969727
----3-----
mean loss: 0.085197
accuracy: 0.972168
----4-----
mean loss: 0.079708
accuracy: 0.970703
----0-----
----1-----
eval mean loss: 0.509907
eval accuracy: 0.885958
eval avg class acc: 0.853829
**** EPOCH 236 ****
----0-----
mean loss: 0.091651
accuracy: 0.962402
----1-----
mean loss: 0.090622
accuracy: 0.965820
----2-----
mean loss: 0.097972
accuracy: 0.963867
----3-----
mean loss: 0.089107
accuracy: 0.967525
----4-----
mean loss: 0.084053
accuracy: 0.968262
----0-----
----1-----
eval mean loss: 0.508585
eval accuracy: 0.888393
eval avg class acc: 0.858694
**** EPOCH 237 ****
----0-----
mean loss: 0.084080
accuracy: 0.969238
----1-----
mean loss: 0.088793
accuracy: 0.969727
----2-----
mean loss: 0.079568
accuracy: 0.971191
----3-----
mean loss: 0.094511
accuracy: 0.963379
----4-----
mean loss: 0.080417
accuracy: 0.971814
----0-----
----1-----
eval mean loss: 0.509360
eval accuracy: 0.886769
eval avg class acc: 0.852319
**** EPOCH 238 ****
----0-----
mean loss: 0.091816
accuracy: 0.964461
----1-----
mean loss: 0.092702
accuracy: 0.969727
----2-----
mean loss: 0.092681
accuracy: 0.965332
----3-----
mean loss: 0.084066
accuracy: 0.977051
----4-----
mean loss: 0.088759
accuracy: 0.970215
----0-----
----1-----
eval mean loss: 0.505040
eval accuracy: 0.887987
eval avg class acc: 0.856648
**** EPOCH 239 ****
----0-----
mean loss: 0.094229
accuracy: 0.962623
----1-----
mean loss: 0.084456
accuracy: 0.974609
----2-----
mean loss: 0.094665
accuracy: 0.965820
----3-----
mean loss: 0.081670
accuracy: 0.973145
----4-----
mean loss: 0.077611
accuracy: 0.971680
----0-----
----1-----
eval mean loss: 0.506410
eval accuracy: 0.888393
eval avg class acc: 0.854520
**** EPOCH 240 ****
----0-----
mean loss: 0.085105
accuracy: 0.967773
----1-----
mean loss: 0.090959
accuracy: 0.961914
----2-----
mean loss: 0.088267
accuracy: 0.971680
----3-----
mean loss: 0.084240
accuracy: 0.968137
----4-----
mean loss: 0.092037
accuracy: 0.965332
----0-----
----1-----
eval mean loss: 0.504029
eval accuracy: 0.890016
eval avg class acc: 0.856857
Model saved in file: /ghome/wangshuai/UltraNet/pointnet/log_200504/model.ckpt
**** EPOCH 241 ****
----0-----
mean loss: 0.096909
accuracy: 0.960449
----1-----
mean loss: 0.086107
accuracy: 0.966299
----2-----
mean loss: 0.087062
accuracy: 0.965332
----3-----
mean loss: 0.081627
accuracy: 0.966309
----4-----
mean loss: 0.091048
accuracy: 0.967773
----0-----
----1-----
eval mean loss: 0.507198
eval accuracy: 0.887987
eval avg class acc: 0.856480
**** EPOCH 242 ****
----0-----
mean loss: 0.096222
accuracy: 0.963867
----1-----
mean loss: 0.097039
accuracy: 0.963379
----2-----
mean loss: 0.101419
accuracy: 0.964461
----3-----
mean loss: 0.089885
accuracy: 0.969238
----4-----
mean loss: 0.079197
accuracy: 0.973145
----0-----
----1-----
eval mean loss: 0.510263
eval accuracy: 0.886364
eval avg class acc: 0.854189
**** EPOCH 243 ****
----0-----
mean loss: 0.072765
accuracy: 0.974609
----1-----
mean loss: 0.082379
accuracy: 0.969238
----2-----
mean loss: 0.094225
accuracy: 0.966299
----3-----
mean loss: 0.092143
accuracy: 0.968262
----4-----
mean loss: 0.083114
accuracy: 0.969238
----0-----
----1-----
eval mean loss: 0.509326
eval accuracy: 0.885552
eval avg class acc: 0.855942
**** EPOCH 244 ****
----0-----
mean loss: 0.084474
accuracy: 0.968750
----1-----
mean loss: 0.086659
accuracy: 0.969363
----2-----
mean loss: 0.082467
accuracy: 0.971680
----3-----
mean loss: 0.080263
accuracy: 0.969727
----4-----
mean loss: 0.084797
accuracy: 0.967285
----0-----
----1-----
eval mean loss: 0.507694
eval accuracy: 0.887581
eval avg class acc: 0.855110
**** EPOCH 245 ****
----0-----
mean loss: 0.082356
accuracy: 0.970703
----1-----
mean loss: 0.101084
accuracy: 0.964355
----2-----
mean loss: 0.083952
accuracy: 0.966299
----3-----
mean loss: 0.090843
accuracy: 0.967285
----4-----
mean loss: 0.072800
accuracy: 0.974121
----0-----
----1-----
eval mean loss: 0.508844
eval accuracy: 0.887581
eval avg class acc: 0.854110
**** EPOCH 246 ****
----0-----
mean loss: 0.084896
accuracy: 0.969975
----1-----
mean loss: 0.083002
accuracy: 0.971680
----2-----
mean loss: 0.101522
accuracy: 0.960449
----3-----
mean loss: 0.095279
accuracy: 0.968750
----4-----
mean loss: 0.091117
accuracy: 0.968750
----0-----
----1-----
eval mean loss: 0.510156
eval accuracy: 0.886769
eval avg class acc: 0.852653
**** EPOCH 247 ****
----0-----
mean loss: 0.095305
accuracy: 0.962891
----1-----
mean loss: 0.071115
accuracy: 0.975098
----2-----
mean loss: 0.088849
accuracy: 0.965820
----3-----
mean loss: 0.095992
accuracy: 0.965074
----4-----
mean loss: 0.090674
accuracy: 0.967285
----0-----
----1-----
eval mean loss: 0.507846
eval accuracy: 0.885958
eval avg class acc: 0.854146
**** EPOCH 248 ****
----0-----
mean loss: 0.077926
accuracy: 0.975586
----1-----
mean loss: 0.079188
accuracy: 0.971201
----2-----
mean loss: 0.094429
accuracy: 0.965332
----3-----
mean loss: 0.080502
accuracy: 0.973633
----4-----
mean loss: 0.086346
accuracy: 0.968750
----0-----
----1-----
eval mean loss: 0.506819
eval accuracy: 0.885146
eval avg class acc: 0.850357
**** EPOCH 249 ****
----0-----
mean loss: 0.091414
accuracy: 0.970215
----1-----
mean loss: 0.086264
accuracy: 0.965332
----2-----
mean loss: 0.082340
accuracy: 0.972168
----3-----
mean loss: 0.079202
accuracy: 0.974265
----4-----
mean loss: 0.091649
accuracy: 0.964844
----0-----
----1-----
eval mean loss: 0.506463
eval accuracy: 0.887581
eval avg class acc: 0.855230
